#
# A fatal error has been detected by the Java Runtime Environment:
#
#  SIGILL (0x4) at pc=0x00007fff69e49766, pid=2399, tid=4107
#
# JRE version: Java(TM) SE Runtime Environment (15.0.2+7) (build 15.0.2+7-27)
# Java VM: Java HotSpot(TM) 64-Bit Server VM (15.0.2+7-27, mixed mode, sharing, tiered, compressed oops, g1 gc, bsd-amd64)
# Problematic frame:
# C  [libsystem_c.dylib+0x5b766]  __abort+0xb1
#
# No core dump will be written. Core dumps have been disabled. To enable core dumping, try "ulimit -c unlimited" before starting Java again
#
# If you would like to submit a bug report, please visit:
#   https://bugreport.java.com/bugreport/crash.jsp
# The crash happened outside the Java Virtual Machine in native code.
# See problematic frame for where to report the bug.
#

---------------  S U M M A R Y ------------

Command Line: -Dfile.encoding=UTF8 -ea -Xmx1024m 

Host: MacBookPro9,2 x86_64 2500 MHz, 4 cores, 4G, Darwin 18.7.0
Time: Tue Mar 16 16:51:23 2021 KST elapsed time: 29.662464 seconds (0d 0h 0m 29s)

---------------  T H R E A D  ---------------

Current thread (0x00007f8b392f2800):  JavaThread "main" [_thread_in_native, id=4107, stack(0x0000700003057000,0x0000700004057000)]

Stack: [0x0000700003057000,0x0000700004057000],  sp=0x0000700004056930,  free space=16382k
Native frames: (J=compiled Java code, A=aot compiled Java code, j=interpreted, Vv=VM code, C=native code)
C  [libsystem_c.dylib+0x5b766]  __abort+0xb1
C  [libsystem_c.dylib+0x5b6b5]  __abort+0x0
C  [libsystem_c.dylib+0x2420d]  basename_r+0x0
C  [AppKit+0x121634]  NSViewSetCurrentlyBuildingLayerTreeForDisplay+0x101
C  [AppKit+0x121465]  NSViewBuildLayerTreeForDisplay+0x35
C  [AppKit+0x1213cc]  -[NSWindow displayIfNeeded]+0xe5
C  [AppKit+0x121240]  __NSWindowGetDisplayCycleObserverForDisplay_block_invoke+0x2ac
C  [AppKit+0x11c334]  NSDisplayCycleObserverInvoke+0xa2
C  [AppKit+0x11beb4]  NSDisplayCycleFlush+0x406
C  [QuartzCore+0x254d]  CA::Transaction::run_commit_handlers(CATransactionPhase)+0x31
C  [QuartzCore+0x1d26]  CA::Transaction::commit()+0xd4
C  [QuartzCore+0x2dcd6]  CA::Transaction::release_thread(void*)+0xc4
C  [libsystem_pthread.dylib+0x36ab]  _pthread_tsd_cleanup+0x227
C  [libsystem_pthread.dylib+0x6655]  _pthread_exit+0x46
C  [libsystem_pthread.dylib+0x345b]  pthread_exit+0x1e
C  [Python+0x168915]  PyThread_exit_thread+0x15
C  [Python+0x1b7357]  t_bootstrap+0xe7
C  [Python+0x168899]  pythread_wrapper+0x19
C  [libsystem_pthread.dylib+0x32eb]  _pthread_body+0x7e
C  [libsystem_pthread.dylib+0x6249]  _pthread_start+0x42
C  [libsystem_pthread.dylib+0x240d]  thread_start+0xd


siginfo: si_signo: 4 (SIGILL), si_code: 1 (ILL_ILLOPC), si_addr: 0x00007fff69e49766

Register to memory mapping:

RAX=0x0 is NULL
RBX=
[error occurred during error reporting (printing register info), id 0xb, SIGSEGV (0xb) at pc=0x000000011c5838d2]

Registers:
RAX=0x0000000000000000, RBX=0x0000700004056940, RCX=0x00007fff69edf296, RDX=0x0000000000000000
RSP=0x0000700004056930, RBP=0x0000700004056960, RSI=0x0000700004056940, RDI=0x0000000000000003
R8 =0x0000000000000000, R9 =0x0000000000989680, R10=0x00007000040570ac, R11=0x0000000000000246
R12=0x000000011affa028, R13=0x000000011affa000, R14=0x0000700004056938, R15=0x00007fff3c08394b
RIP=0x00007fff69e49766, EFLAGS=0x0000000000010246, ERR=0x0000000000000000
  TRAPNO=0x0000000000000006

Top of Stack: (sp=0x0000700004056930)
0x0000700004056930:   000000000000378d 0000000000000000
0x0000700004056940:   00000000ffffffe7 ffffffff69e1c59d
0x0000700004056950:   0000700004056978 000000000000378d
0x0000700004056960:   0000700004056990 00007fff69e496b5
0x0000700004056970:   0000700004056990 00007fffffffffdf
0x0000700004056980:   ffffffff040569a0 00007fff3c086920
0x0000700004056990:   00007000040569d0 00007fff69e1220d
0x00007000040569a0:   0000000000000000 00007fff685d1380
0x00007000040569b0:   0000000000000000 00007fff685d1380
0x00007000040569c0:   00007fff3bf3cbc6 00007fff3bf3cbd4
0x00007000040569d0:   0000700004056a10 00007fff3b4a4634
0x00007000040569e0:   00007f8b3c900010 00007f8b3b5cb810
0x00007000040569f0:   00007fff685d1380 00007f8b3b78dc30
0x0000700004056a00:   00007f8b3b78dcb8 00007fff685d1380
0x0000700004056a10:   0000700004056a60 00007fff3b4a4465
0x0000700004056a20:   00007fff685d1380 00007f8b3b78dc30
0x0000700004056a30:   00000000000000e0 0000000000000001
0x0000700004056a40:   0000700004056a60 00007f8b3b78dc30
0x0000700004056a50:   00007f8b3b78dcb8 0000000000000001
0x0000700004056a60:   0000700004056a90 00007fff3b4a43cc
0x0000700004056a70:   00007fff3bf2cc98 00007fff685d1380
0x0000700004056a80:   0000000000000000 0000000000000001
0x0000700004056a90:   0000700004056af0 00007fff3b4a4240
0x0000700004056aa0:   0000000000000000 00007f8b3b85e000
0x0000700004056ab0:   00007f8b3b7a8f90 00007fff3bf20a3e
0x0000700004056ac0:   4a015a599f8200f2 00007f8b3b85e068
0x0000700004056ad0:   00007f8b3b7a8f90 00007fff3bf20a3e
0x0000700004056ae0:   00007f8b3b5d9fc0 00007f8b3b7a8f90
0x0000700004056af0:   0000700004056b40 00007fff3b49f334
0x0000700004056b00:   ffff8074c4857070 00007f8b391e9d50
0x0000700004056b10:   00007fffa00f8fc0 00007fff685d1380
0x0000700004056b20:   4a015a599f8200f2 00007fff685d1380 

Instructions: (pc=0x00007fff69e49766)
0x00007fff69e49666:   8d 75 f4 c7 06 ff ff ff ff bf 03 00 00 00 31 d2
0x00007fff69e49676:   e8 23 51 02 00 bf 01 00 00 00 e8 15 4c 02 00 bf
0x00007fff69e49686:   03 00 00 00 31 d2 48 89 de e8 98 50 02 00 e8 87
0x00007fff69e49696:   50 02 00 be 06 00 00 00 48 89 c7 e8 38 50 02 00
0x00007fff69e496a6:   bf 10 27 00 00 e8 b8 2e fd ff e8 00 00 00 00 48
0x00007fff69e496b6:   83 3d cb 3a 56 36 00 75 0e 48 8d 05 19 ad 02 00
0x00007fff69e496c6:   48 89 05 bb 3a 56 36 55 48 89 e5 41 56 53 48 83
0x00007fff69e496d6:   ec 20 48 8d 5d e0 48 c7 43 f8 00 00 00 00 b8 ff
0x00007fff69e496e6:   ff ff ff 48 89 03 4c 8d 75 d8 bf 06 00 00 00 31
0x00007fff69e496f6:   d2 4c 89 f6 e8 0c 4e fb ff 41 80 66 08 df 48 8d
0x00007fff69e49706:   75 ec c7 06 ff ff ff ff bf 03 00 00 00 31 d2 e8
0x00007fff69e49716:   84 50 02 00 bf 01 00 00 00 e8 76 4b 02 00 bf 03
0x00007fff69e49726:   00 00 00 31 d2 48 89 de e8 f9 4f 02 00 e8 e8 4f
0x00007fff69e49736:   02 00 be 06 00 00 00 48 89 c7 e8 99 4f 02 00 bf
0x00007fff69e49746:   10 27 00 00 e8 19 2e fd ff 41 c7 46 08 e7 ff ff
0x00007fff69e49756:   ff bf 03 00 00 00 31 d2 48 89 de e8 38 50 02 00
0x00007fff69e49766:   0f 0b 55 48 89 e5 41 56 53 48 81 ec d0 00 00 00
0x00007fff69e49776:   49 89 fe 84 c0 74 23 0f 29 85 70 ff ff ff 0f 29
0x00007fff69e49786:   4d 80 0f 29 55 90 0f 29 5d a0 0f 29 65 b0 0f 29
0x00007fff69e49796:   6d c0 0f 29 75 d0 0f 29 7d e0 4c 89 8d 68 ff ff
0x00007fff69e497a6:   ff 4c 89 85 60 ff ff ff 48 89 8d 58 ff ff ff 48
0x00007fff69e497b6:   89 95 50 ff ff ff 48 89 b5 48 ff ff ff e8 98 4b
0x00007fff69e497c6:   02 00 48 85 c0 74 40 48 89 c3 48 8d 85 40 ff ff
0x00007fff69e497d6:   ff 48 8d 95 20 ff ff ff 48 89 42 10 48 8d 45 10
0x00007fff69e497e6:   48 89 42 08 48 b8 08 00 00 00 30 00 00 00 48 89
0x00007fff69e497f6:   02 48 89 df 4c 89 f6 e8 7c 4b 02 00 48 89 df e8
0x00007fff69e49806:   6e 4b 02 00 49 89 c6 4c 89 35 74 39 56 36 e8 0e
0x00007fff69e49816:   fe ff ff 55 48 89 e5 48 8d 05 42 00 00 00 48 89
0x00007fff69e49826:   47 38 48 8d 05 8e 01 00 00 48 89 47 50 48 8d 05
0x00007fff69e49836:   0c 02 00 00 48 89 47 40 48 8d 05 1c 02 00 00 48
0x00007fff69e49846:   89 47 48 48 8d 05 a0 03 00 00 48 89 47 58 48 b8
0x00007fff69e49856:   03 00 00 00 80 00 00 00 48 89 47 30 31 c0 5d c3 


Stack slot to memory mapping:
stack at sp + 0 slots: 
[error occurred during error reporting (inspecting top of stack), id 0xb, SIGSEGV (0xb) at pc=0x000000011c5838d2]


---------------  P R O C E S S  ---------------

Threads class SMR info:
_java_thread_list=0x00007f8b3b2b7a70, length=11, elements={
0x00007f8b392f2800, 0x00007f8b3a8af400, 0x00007f8b3a4b5400, 0x00007f8b3a8a9800,
0x00007f8b3934e800, 0x00007f8b3934cc00, 0x00007f8b3934d200, 0x00007f8b39351000,
0x00007f8b3a4b3200, 0x00007f8b3a4b3800, 0x00007f8b3a54da00
}

Java Threads: ( => current thread )
=>0x00007f8b392f2800 JavaThread "main" [_thread_in_native, id=4107, stack(0x0000700003057000,0x0000700004057000)]
  0x00007f8b3a8af400 JavaThread "Reference Handler" daemon [_thread_blocked, id=14083, stack(0x000070000466c000,0x000070000476c000)]
  0x00007f8b3a4b5400 JavaThread "Finalizer" daemon [_thread_blocked, id=17923, stack(0x000070000476f000,0x000070000486f000)]
  0x00007f8b3a8a9800 JavaThread "Signal Dispatcher" daemon [_thread_blocked, id=22275, stack(0x0000700004978000,0x0000700004a78000)]
  0x00007f8b3934e800 JavaThread "Service Thread" daemon [_thread_blocked, id=42243, stack(0x0000700004a7b000,0x0000700004b7b000)]
  0x00007f8b3934cc00 JavaThread "C2 CompilerThread0" daemon [_thread_blocked, id=22787, stack(0x0000700004b7e000,0x0000700004c7e000)]
  0x00007f8b3934d200 JavaThread "C1 CompilerThread0" daemon [_thread_blocked, id=23299, stack(0x0000700004c81000,0x0000700004d81000)]
  0x00007f8b39351000 JavaThread "Sweeper thread" daemon [_thread_blocked, id=40451, stack(0x0000700004d84000,0x0000700004e84000)]
  0x00007f8b3a4b3200 JavaThread "Notification Thread" daemon [_thread_blocked, id=24323, stack(0x0000700004e87000,0x0000700004f87000)]
  0x00007f8b3a4b3800 JavaThread "Common-Cleaner" daemon [_thread_blocked, id=25091, stack(0x000070000508d000,0x000070000518d000)]
  0x00007f8b3a54da00 JavaThread "Python Reference Queue" daemon [_thread_blocked, id=25347, stack(0x0000700005190000,0x0000700005290000)]

Other Threads:
  0x00007f8b3b1bc240 VMThread "VM Thread" [stack: 0x0000700004569000,0x0000700004669000] [id=18947]
  0x00007f8b3b1d81a0 WatcherThread [stack: 0x0000700004f8a000,0x000070000508a000] [id=39683]
  0x00007f8b3b1a7a20 GCTaskThread "GC Thread#0" [stack: 0x000070000405a000,0x000070000415a000] [id=20739]
  0x00007f8b3b2cb6a0 GCTaskThread "GC Thread#1" [stack: 0x0000700005293000,0x0000700005393000] [id=38403]
  0x00007f8b3b713440 GCTaskThread "GC Thread#2" [stack: 0x000070000559c000,0x000070000569c000] [id=26627]
  0x00007f8b3b575e90 GCTaskThread "GC Thread#3" [stack: 0x000070000569f000,0x000070000579f000] [id=27139]
  0x00007f8b3b286150 ConcurrentGCThread "G1 Main Marker" [stack: 0x000070000415d000,0x000070000425d000] [id=20483]
  0x00007f8b3b1a8710 ConcurrentGCThread "G1 Conc#0" [stack: 0x0000700004260000,0x0000700004360000] [id=20227]
  0x00007f8b3b1b7570 ConcurrentGCThread "G1 Refine#0" [stack: 0x0000700004363000,0x0000700004463000] [id=19715]
  0x00007f8b3b4b5c30 ConcurrentGCThread "G1 Refine#1" [stack: 0x0000700005396000,0x0000700005496000] [id=26115]
  0x00007f8b38edf940 ConcurrentGCThread "G1 Refine#2" [stack: 0x0000700005499000,0x0000700005599000] [id=37891]
  0x00007f8b3b2872c0 ConcurrentGCThread "G1 Young RemSet Sampling" [stack: 0x0000700004466000,0x0000700004566000] [id=19459]

Threads with active compile tasks:

VM state: not at safepoint (normal execution)

VM Mutex/Monitor currently owned by a thread: None

Heap address: 0x00000007c0000000, size: 1024 MB, Compressed Oops mode: Zero based, Oop shift amount: 3
CDS archive(s) mapped at: [0x0000000800000000-0x0000000800b2d000-0x0000000800b2d000), size 11718656, SharedBaseAddress: 0x0000000800000000, ArchiveRelocationMode: 0.
Compressed class space mapped at: 0x0000000800b30000-0x0000000840b30000, size: 1073741824
Narrow klass base: 0x0000000800000000, Narrow klass shift: 3, Narrow klass range: 0x100000000

GC Precious Log:
 CPUs: 4 total, 4 available
 Memory: 4096M
 Large Page Support: Disabled
 NUMA Support: Disabled
 Compressed Oops: Enabled (Zero based)
 Heap Region Size: 1M
 Heap Min Capacity: 8M
 Heap Initial Capacity: 64M
 Heap Max Capacity: 1G
 Pre-touch: Disabled
 Parallel Workers: 4
 Concurrent Workers: 1
 Concurrent Refinement Workers: 4
 Periodic GC: Disabled

Heap:
 garbage-first heap   total 177152K, used 79061K [0x00000007c0000000, 0x0000000800000000)
  region size 1024K, 1 young (1024K), 0 survivors (0K)
 Metaspace       used 10165K, capacity 11884K, committed 12032K, reserved 1058816K
  class space    used 1540K, capacity 1758K, committed 1792K, reserved 1048576K

Heap Regions: E=young(eden), S=young(survivor), O=old, HS=humongous(starts), HC=humongous(continues), CS=collection set, F=free, OA=open archive, CA=closed archive, TAMS=top-at-mark-start (previous, next)
|   0|0x00000007c0000000, 0x00000007c0100000, 0x00000007c0100000|100%| O|  |TAMS 0x00000007c0000000, 0x00000007c0000000| Untracked 
|   1|0x00000007c0100000, 0x00000007c01fffe0, 0x00000007c0200000| 99%| O|  |TAMS 0x00000007c0100000, 0x00000007c0100000| Untracked 
|   2|0x00000007c0200000, 0x00000007c02fffd8, 0x00000007c0300000| 99%| O|  |TAMS 0x00000007c0200000, 0x00000007c0200000| Untracked 
|   3|0x00000007c0300000, 0x00000007c03fffd8, 0x00000007c0400000| 99%| O|  |TAMS 0x00000007c0300000, 0x00000007c0300000| Untracked 
|   4|0x00000007c0400000, 0x00000007c04ffff0, 0x00000007c0500000| 99%| O|  |TAMS 0x00000007c0400000, 0x00000007c0400000| Untracked 
|   5|0x00000007c0500000, 0x00000007c05ffff8, 0x00000007c0600000| 99%| O|  |TAMS 0x00000007c0500000, 0x00000007c0500000| Untracked 
|   6|0x00000007c0600000, 0x00000007c06ffff8, 0x00000007c0700000| 99%| O|  |TAMS 0x00000007c0600000, 0x00000007c0600000| Untracked 
|   7|0x00000007c0700000, 0x00000007c0800000, 0x00000007c0800000|100%| O|  |TAMS 0x00000007c0700000, 0x00000007c0700000| Untracked 
|   8|0x00000007c0800000, 0x00000007c08ffff0, 0x00000007c0900000| 99%| O|  |TAMS 0x00000007c0800000, 0x00000007c0800000| Untracked 
|   9|0x00000007c0900000, 0x00000007c0a00000, 0x00000007c0a00000|100%| O|  |TAMS 0x00000007c0900000, 0x00000007c0900000| Untracked 
|  10|0x00000007c0a00000, 0x00000007c0b00000, 0x00000007c0b00000|100%|HS|  |TAMS 0x00000007c0a00000, 0x00000007c0a00000| Untracked 
|  11|0x00000007c0b00000, 0x00000007c0c00000, 0x00000007c0c00000|100%|HC|  |TAMS 0x00000007c0b00000, 0x00000007c0b00000| Untracked 
|  12|0x00000007c0c00000, 0x00000007c0d00000, 0x00000007c0d00000|100%|HS|  |TAMS 0x00000007c0c00000, 0x00000007c0c00000| Untracked 
|  13|0x00000007c0d00000, 0x00000007c0e00000, 0x00000007c0e00000|100%|HC|  |TAMS 0x00000007c0d00000, 0x00000007c0d00000| Untracked 
|  14|0x00000007c0e00000, 0x00000007c0effff8, 0x00000007c0f00000| 99%| O|  |TAMS 0x00000007c0e00000, 0x00000007c0e00000| Untracked 
|  15|0x00000007c0f00000, 0x00000007c0fffff0, 0x00000007c1000000| 99%| O|  |TAMS 0x00000007c0f00000, 0x00000007c0f00000| Untracked 
|  16|0x00000007c1000000, 0x00000007c1100000, 0x00000007c1100000|100%| O|  |TAMS 0x00000007c1000000, 0x00000007c1000000| Untracked 
|  17|0x00000007c1100000, 0x00000007c1200000, 0x00000007c1200000|100%| O|  |TAMS 0x00000007c1100000, 0x00000007c1100000| Untracked 
|  18|0x00000007c1200000, 0x00000007c1300000, 0x00000007c1300000|100%| O|  |TAMS 0x00000007c1200000, 0x00000007c1200000| Untracked 
|  19|0x00000007c1300000, 0x00000007c13ffff0, 0x00000007c1400000| 99%| O|  |TAMS 0x00000007c1300000, 0x00000007c1300000| Untracked 
|  20|0x00000007c1400000, 0x00000007c14ffff0, 0x00000007c1500000| 99%| O|  |TAMS 0x00000007c1400000, 0x00000007c1400000| Untracked 
|  21|0x00000007c1500000, 0x00000007c15ffff0, 0x00000007c1600000| 99%| O|  |TAMS 0x00000007c1500000, 0x00000007c1500000| Untracked 
|  22|0x00000007c1600000, 0x00000007c1700000, 0x00000007c1700000|100%|HS|  |TAMS 0x00000007c1600000, 0x00000007c1600000| Untracked 
|  23|0x00000007c1700000, 0x00000007c1800000, 0x00000007c1800000|100%|HS|  |TAMS 0x00000007c1700000, 0x00000007c1700000| Untracked 
|  24|0x00000007c1800000, 0x00000007c18ffff0, 0x00000007c1900000| 99%| O|  |TAMS 0x00000007c1800000, 0x00000007c1800000| Untracked 
|  25|0x00000007c1900000, 0x00000007c1a00000, 0x00000007c1a00000|100%| O|  |TAMS 0x00000007c1900000, 0x00000007c1900000| Untracked 
|  26|0x00000007c1a00000, 0x00000007c1b00000, 0x00000007c1b00000|100%|HS|  |TAMS 0x00000007c1a00000, 0x00000007c1a00000| Untracked 
|  27|0x00000007c1b00000, 0x00000007c1c00000, 0x00000007c1c00000|100%| O|  |TAMS 0x00000007c1b00000, 0x00000007c1b00000| Untracked 
|  28|0x00000007c1c00000, 0x00000007c1cffff8, 0x00000007c1d00000| 99%| O|  |TAMS 0x00000007c1c00000, 0x00000007c1c00000| Untracked 
|  29|0x00000007c1d00000, 0x00000007c1e00000, 0x00000007c1e00000|100%|HS|  |TAMS 0x00000007c1d00000, 0x00000007c1d00000| Untracked 
|  30|0x00000007c1e00000, 0x00000007c1f00000, 0x00000007c1f00000|100%|HC|  |TAMS 0x00000007c1e00000, 0x00000007c1e00000| Untracked 
|  31|0x00000007c1f00000, 0x00000007c2000000, 0x00000007c2000000|100%|HS|  |TAMS 0x00000007c1f00000, 0x00000007c1f00000| Untracked 
|  32|0x00000007c2000000, 0x00000007c2100000, 0x00000007c2100000|100%|HC|  |TAMS 0x00000007c2000000, 0x00000007c2000000| Untracked 
|  33|0x00000007c2100000, 0x00000007c2200000, 0x00000007c2200000|100%| O|  |TAMS 0x00000007c2100000, 0x00000007c2100000| Untracked 
|  34|0x00000007c2200000, 0x00000007c2300000, 0x00000007c2300000|100%| O|  |TAMS 0x00000007c2200000, 0x00000007c2200000| Untracked 
|  35|0x00000007c2300000, 0x00000007c2400000, 0x00000007c2400000|100%| O|  |TAMS 0x00000007c2300000, 0x00000007c2300000| Untracked 
|  36|0x00000007c2400000, 0x00000007c24fffd8, 0x00000007c2500000| 99%| O|  |TAMS 0x00000007c2400000, 0x00000007c2400000| Untracked 
|  37|0x00000007c2500000, 0x00000007c2600000, 0x00000007c2600000|100%| O|  |TAMS 0x00000007c2500000, 0x00000007c2500000| Untracked 
|  38|0x00000007c2600000, 0x00000007c26ffff8, 0x00000007c2700000| 99%| O|  |TAMS 0x00000007c2600000, 0x00000007c2600000| Untracked 
|  39|0x00000007c2700000, 0x00000007c27ffff0, 0x00000007c2800000| 99%| O|  |TAMS 0x00000007c2700000, 0x00000007c2700000| Untracked 
|  40|0x00000007c2800000, 0x00000007c2900000, 0x00000007c2900000|100%| O|  |TAMS 0x00000007c2800000, 0x00000007c2800000| Untracked 
|  41|0x00000007c2900000, 0x00000007c29ffff8, 0x00000007c2a00000| 99%| O|  |TAMS 0x00000007c2900000, 0x00000007c2900000| Untracked 
|  42|0x00000007c2a00000, 0x00000007c2b00000, 0x00000007c2b00000|100%| O|  |TAMS 0x00000007c2a00000, 0x00000007c2a00000| Untracked 
|  43|0x00000007c2b00000, 0x00000007c2bfffe8, 0x00000007c2c00000| 99%| O|  |TAMS 0x00000007c2b00000, 0x00000007c2b00000| Untracked 
|  44|0x00000007c2c00000, 0x00000007c2cfffe8, 0x00000007c2d00000| 99%| O|  |TAMS 0x00000007c2c00000, 0x00000007c2c00000| Untracked 
|  45|0x00000007c2d00000, 0x00000007c2dffff8, 0x00000007c2e00000| 99%| O|  |TAMS 0x00000007c2d00000, 0x00000007c2d00000| Untracked 
|  46|0x00000007c2e00000, 0x00000007c2f00000, 0x00000007c2f00000|100%|HS|  |TAMS 0x00000007c2e00000, 0x00000007c2e00000| Untracked 
|  47|0x00000007c2f00000, 0x00000007c3000000, 0x00000007c3000000|100%|HC|  |TAMS 0x00000007c2f00000, 0x00000007c2f00000| Untracked 
|  48|0x00000007c3000000, 0x00000007c3100000, 0x00000007c3100000|100%|HS|  |TAMS 0x00000007c3000000, 0x00000007c3000000| Untracked 
|  49|0x00000007c3100000, 0x00000007c3200000, 0x00000007c3200000|100%|HC|  |TAMS 0x00000007c3100000, 0x00000007c3100000| Untracked 
|  50|0x00000007c3200000, 0x00000007c32ffff0, 0x00000007c3300000| 99%| O|  |TAMS 0x00000007c3200000, 0x00000007c3200000| Untracked 
|  51|0x00000007c3300000, 0x00000007c3400000, 0x00000007c3400000|100%| O|  |TAMS 0x00000007c3300000, 0x00000007c3300000| Untracked 
|  52|0x00000007c3400000, 0x00000007c34ffff8, 0x00000007c3500000| 99%| O|  |TAMS 0x00000007c3400000, 0x00000007c3400000| Untracked 
|  53|0x00000007c3500000, 0x00000007c3600000, 0x00000007c3600000|100%| O|  |TAMS 0x00000007c3500000, 0x00000007c3500000| Untracked 
|  54|0x00000007c3600000, 0x00000007c36ffff0, 0x00000007c3700000| 99%| O|  |TAMS 0x00000007c3600000, 0x00000007c3600000| Untracked 
|  55|0x00000007c3700000, 0x00000007c37ffff0, 0x00000007c3800000| 99%| O|  |TAMS 0x00000007c3700000, 0x00000007c3700000| Untracked 
|  56|0x00000007c3800000, 0x00000007c38ffff0, 0x00000007c3900000| 99%| O|  |TAMS 0x00000007c3800000, 0x00000007c3800000| Untracked 
|  57|0x00000007c3900000, 0x00000007c39ffff0, 0x00000007c3a00000| 99%| O|  |TAMS 0x00000007c3900000, 0x00000007c3900000| Untracked 
|  58|0x00000007c3a00000, 0x00000007c3affff8, 0x00000007c3b00000| 99%| O|  |TAMS 0x00000007c3a00000, 0x00000007c3a00000| Untracked 
|  59|0x00000007c3b00000, 0x00000007c3c00000, 0x00000007c3c00000|100%| O|  |TAMS 0x00000007c3b00000, 0x00000007c3b00000| Untracked 
|  60|0x00000007c3c00000, 0x00000007c3d00000, 0x00000007c3d00000|100%| O|  |TAMS 0x00000007c3c00000, 0x00000007c3c00000| Untracked 
|  61|0x00000007c3d00000, 0x00000007c3dffff0, 0x00000007c3e00000| 99%| O|  |TAMS 0x00000007c3d00000, 0x00000007c3d00000| Untracked 
|  62|0x00000007c3e00000, 0x00000007c3effff0, 0x00000007c3f00000| 99%| O|  |TAMS 0x00000007c3e00000, 0x00000007c3e00000| Untracked 
|  63|0x00000007c3f00000, 0x00000007c3fffff8, 0x00000007c4000000| 99%| O|  |TAMS 0x00000007c3f00000, 0x00000007c3f00000| Untracked 
|  64|0x00000007c4000000, 0x00000007c40ffff0, 0x00000007c4100000| 99%| O|  |TAMS 0x00000007c4000000, 0x00000007c4000000| Untracked 
|  65|0x00000007c4100000, 0x00000007c4200000, 0x00000007c4200000|100%| O|  |TAMS 0x00000007c4100000, 0x00000007c4100000| Untracked 
|  66|0x00000007c4200000, 0x00000007c42ffff8, 0x00000007c4300000| 99%| O|  |TAMS 0x00000007c4200000, 0x00000007c4200000| Untracked 
|  67|0x00000007c4300000, 0x00000007c43ffff8, 0x00000007c4400000| 99%| O|  |TAMS 0x00000007c4300000, 0x00000007c4300000| Untracked 
|  68|0x00000007c4400000, 0x00000007c44ffff0, 0x00000007c4500000| 99%| O|  |TAMS 0x00000007c4400000, 0x00000007c4400000| Untracked 
|  69|0x00000007c4500000, 0x00000007c45ffff0, 0x00000007c4600000| 99%| O|  |TAMS 0x00000007c4500000, 0x00000007c4500000| Untracked 
|  70|0x00000007c4600000, 0x00000007c46ffff0, 0x00000007c4700000| 99%| O|  |TAMS 0x00000007c4600000, 0x00000007c4600000| Untracked 
|  71|0x00000007c4700000, 0x00000007c47ffff8, 0x00000007c4800000| 99%| O|  |TAMS 0x00000007c4700000, 0x00000007c4700000| Untracked 
|  72|0x00000007c4800000, 0x00000007c486c070, 0x00000007c4900000| 42%| O|  |TAMS 0x00000007c4800000, 0x00000007c4800000| Untracked 
|  73|0x00000007c4900000, 0x00000007c4900000, 0x00000007c4a00000|  0%| F|  |TAMS 0x00000007c4900000, 0x00000007c4900000| Untracked 
|  74|0x00000007c4a00000, 0x00000007c4a00000, 0x00000007c4b00000|  0%| F|  |TAMS 0x00000007c4a00000, 0x00000007c4a00000| Untracked 
|  75|0x00000007c4b00000, 0x00000007c4b00000, 0x00000007c4c00000|  0%| F|  |TAMS 0x00000007c4b00000, 0x00000007c4b00000| Untracked 
|  76|0x00000007c4c00000, 0x00000007c4c00000, 0x00000007c4d00000|  0%| F|  |TAMS 0x00000007c4c00000, 0x00000007c4c00000| Untracked 
|  77|0x00000007c4d00000, 0x00000007c4d00000, 0x00000007c4e00000|  0%| F|  |TAMS 0x00000007c4d00000, 0x00000007c4d00000| Untracked 
|  78|0x00000007c4e00000, 0x00000007c4e00000, 0x00000007c4f00000|  0%| F|  |TAMS 0x00000007c4e00000, 0x00000007c4e00000| Untracked 
|  79|0x00000007c4f00000, 0x00000007c4f00000, 0x00000007c5000000|  0%| F|  |TAMS 0x00000007c4f00000, 0x00000007c4f00000| Untracked 
|  80|0x00000007c5000000, 0x00000007c5000000, 0x00000007c5100000|  0%| F|  |TAMS 0x00000007c5000000, 0x00000007c5000000| Untracked 
|  81|0x00000007c5100000, 0x00000007c5100000, 0x00000007c5200000|  0%| F|  |TAMS 0x00000007c5100000, 0x00000007c5100000| Untracked 
|  82|0x00000007c5200000, 0x00000007c5200000, 0x00000007c5300000|  0%| F|  |TAMS 0x00000007c5200000, 0x00000007c5200000| Untracked 
|  83|0x00000007c5300000, 0x00000007c53ffff8, 0x00000007c5400000| 99%| O|  |TAMS 0x00000007c5300000, 0x00000007c5300000| Untracked 
|  84|0x00000007c5400000, 0x00000007c54ffff8, 0x00000007c5500000| 99%| O|  |TAMS 0x00000007c5400000, 0x00000007c5400000| Untracked 
|  85|0x00000007c5500000, 0x00000007c5600000, 0x00000007c5600000|100%| O|  |TAMS 0x00000007c5500000, 0x00000007c5500000| Untracked 
|  86|0x00000007c5600000, 0x00000007c5600000, 0x00000007c5700000|  0%| F|  |TAMS 0x00000007c5600000, 0x00000007c5600000| Untracked 
|  87|0x00000007c5700000, 0x00000007c5700000, 0x00000007c5800000|  0%| F|  |TAMS 0x00000007c5700000, 0x00000007c5700000| Untracked 
|  88|0x00000007c5800000, 0x00000007c58ff9b0, 0x00000007c5900000| 99%| O|  |TAMS 0x00000007c5800000, 0x00000007c5800000| Untracked 
|  89|0x00000007c5900000, 0x00000007c5900000, 0x00000007c5a00000|  0%| F|  |TAMS 0x00000007c5900000, 0x00000007c5900000| Untracked 
|  90|0x00000007c5a00000, 0x00000007c5a00000, 0x00000007c5b00000|  0%| F|  |TAMS 0x00000007c5a00000, 0x00000007c5a00000| Untracked 
|  91|0x00000007c5b00000, 0x00000007c5b00038, 0x00000007c5c00000|  0%| O|  |TAMS 0x00000007c5b00000, 0x00000007c5b00000| Untracked 
|  92|0x00000007c5c00000, 0x00000007c5c00000, 0x00000007c5d00000|  0%| F|  |TAMS 0x00000007c5c00000, 0x00000007c5c00000| Untracked 
|  93|0x00000007c5d00000, 0x00000007c5d00000, 0x00000007c5e00000|  0%| F|  |TAMS 0x00000007c5d00000, 0x00000007c5d00000| Untracked 
|  94|0x00000007c5e00000, 0x00000007c5e00000, 0x00000007c5f00000|  0%| F|  |TAMS 0x00000007c5e00000, 0x00000007c5e00000| Untracked 
|  95|0x00000007c5f00000, 0x00000007c5f00000, 0x00000007c6000000|  0%| F|  |TAMS 0x00000007c5f00000, 0x00000007c5f00000| Untracked 
|  96|0x00000007c6000000, 0x00000007c6000000, 0x00000007c6100000|  0%| F|  |TAMS 0x00000007c6000000, 0x00000007c6000000| Untracked 
|  97|0x00000007c6100000, 0x00000007c6100000, 0x00000007c6200000|  0%| F|  |TAMS 0x00000007c6100000, 0x00000007c6100000| Untracked 
|  98|0x00000007c6200000, 0x00000007c6200000, 0x00000007c6300000|  0%| F|  |TAMS 0x00000007c6200000, 0x00000007c6200000| Untracked 
|  99|0x00000007c6300000, 0x00000007c6300000, 0x00000007c6400000|  0%| F|  |TAMS 0x00000007c6300000, 0x00000007c6300000| Untracked 
| 100|0x00000007c6400000, 0x00000007c6400000, 0x00000007c6500000|  0%| F|  |TAMS 0x00000007c6400000, 0x00000007c6400000| Untracked 
| 101|0x00000007c6500000, 0x00000007c6500000, 0x00000007c6600000|  0%| F|  |TAMS 0x00000007c6500000, 0x00000007c6500000| Untracked 
| 102|0x00000007c6600000, 0x00000007c6600000, 0x00000007c6700000|  0%| F|  |TAMS 0x00000007c6600000, 0x00000007c6600000| Untracked 
| 103|0x00000007c6700000, 0x00000007c6700000, 0x00000007c6800000|  0%| F|  |TAMS 0x00000007c6700000, 0x00000007c6700000| Untracked 
| 104|0x00000007c6800000, 0x00000007c6800000, 0x00000007c6900000|  0%| F|  |TAMS 0x00000007c6800000, 0x00000007c6800000| Untracked 
| 105|0x00000007c6900000, 0x00000007c6900000, 0x00000007c6a00000|  0%| F|  |TAMS 0x00000007c6900000, 0x00000007c6900000| Untracked 
| 106|0x00000007c6a00000, 0x00000007c6a00000, 0x00000007c6b00000|  0%| F|  |TAMS 0x00000007c6a00000, 0x00000007c6a00000| Untracked 
| 107|0x00000007c6b00000, 0x00000007c6b00000, 0x00000007c6c00000|  0%| F|  |TAMS 0x00000007c6b00000, 0x00000007c6b00000| Untracked 
| 108|0x00000007c6c00000, 0x00000007c6c00000, 0x00000007c6d00000|  0%| F|  |TAMS 0x00000007c6c00000, 0x00000007c6c00000| Untracked 
| 109|0x00000007c6d00000, 0x00000007c6d00000, 0x00000007c6e00000|  0%| F|  |TAMS 0x00000007c6d00000, 0x00000007c6d00000| Untracked 
| 110|0x00000007c6e00000, 0x00000007c6e00000, 0x00000007c6f00000|  0%| F|  |TAMS 0x00000007c6e00000, 0x00000007c6e00000| Untracked 
| 111|0x00000007c6f00000, 0x00000007c6f00000, 0x00000007c7000000|  0%| F|  |TAMS 0x00000007c6f00000, 0x00000007c6f00000| Untracked 
| 112|0x00000007c7000000, 0x00000007c7000000, 0x00000007c7100000|  0%| F|  |TAMS 0x00000007c7000000, 0x00000007c7000000| Untracked 
| 113|0x00000007c7100000, 0x00000007c7100000, 0x00000007c7200000|  0%| F|  |TAMS 0x00000007c7100000, 0x00000007c7100000| Untracked 
| 114|0x00000007c7200000, 0x00000007c7200000, 0x00000007c7300000|  0%| F|  |TAMS 0x00000007c7200000, 0x00000007c7200000| Untracked 
| 115|0x00000007c7300000, 0x00000007c7300000, 0x00000007c7400000|  0%| F|  |TAMS 0x00000007c7300000, 0x00000007c7300000| Untracked 
| 116|0x00000007c7400000, 0x00000007c7400000, 0x00000007c7500000|  0%| F|  |TAMS 0x00000007c7400000, 0x00000007c7400000| Untracked 
| 117|0x00000007c7500000, 0x00000007c7500000, 0x00000007c7600000|  0%| F|  |TAMS 0x00000007c7500000, 0x00000007c7500000| Untracked 
| 118|0x00000007c7600000, 0x00000007c7600000, 0x00000007c7700000|  0%| F|  |TAMS 0x00000007c7600000, 0x00000007c7600000| Untracked 
| 119|0x00000007c7700000, 0x00000007c7700000, 0x00000007c7800000|  0%| F|  |TAMS 0x00000007c7700000, 0x00000007c7700000| Untracked 
| 120|0x00000007c7800000, 0x00000007c7800000, 0x00000007c7900000|  0%| F|  |TAMS 0x00000007c7800000, 0x00000007c7800000| Untracked 
| 121|0x00000007c7900000, 0x00000007c7900000, 0x00000007c7a00000|  0%| F|  |TAMS 0x00000007c7900000, 0x00000007c7900000| Untracked 
| 122|0x00000007c7a00000, 0x00000007c7a00000, 0x00000007c7b00000|  0%| F|  |TAMS 0x00000007c7a00000, 0x00000007c7a00000| Untracked 
| 123|0x00000007c7b00000, 0x00000007c7b00000, 0x00000007c7c00000|  0%| F|  |TAMS 0x00000007c7b00000, 0x00000007c7b00000| Untracked 
| 124|0x00000007c7c00000, 0x00000007c7c00000, 0x00000007c7d00000|  0%| F|  |TAMS 0x00000007c7c00000, 0x00000007c7c00000| Untracked 
| 125|0x00000007c7d00000, 0x00000007c7d00000, 0x00000007c7e00000|  0%| F|  |TAMS 0x00000007c7d00000, 0x00000007c7d00000| Untracked 
| 126|0x00000007c7e00000, 0x00000007c7e00000, 0x00000007c7f00000|  0%| F|  |TAMS 0x00000007c7e00000, 0x00000007c7e00000| Untracked 
| 127|0x00000007c7f00000, 0x00000007c7f00000, 0x00000007c8000000|  0%| F|  |TAMS 0x00000007c7f00000, 0x00000007c7f00000| Untracked 
| 128|0x00000007c8000000, 0x00000007c8000000, 0x00000007c8100000|  0%| F|  |TAMS 0x00000007c8000000, 0x00000007c8000000| Untracked 
| 129|0x00000007c8100000, 0x00000007c8100000, 0x00000007c8200000|  0%| F|  |TAMS 0x00000007c8100000, 0x00000007c8100000| Untracked 
| 130|0x00000007c8200000, 0x00000007c8200000, 0x00000007c8300000|  0%| F|  |TAMS 0x00000007c8200000, 0x00000007c8200000| Untracked 
| 131|0x00000007c8300000, 0x00000007c8300000, 0x00000007c8400000|  0%| F|  |TAMS 0x00000007c8300000, 0x00000007c8300000| Untracked 
| 132|0x00000007c8400000, 0x00000007c8400000, 0x00000007c8500000|  0%| F|  |TAMS 0x00000007c8400000, 0x00000007c8400000| Untracked 
| 133|0x00000007c8500000, 0x00000007c8500000, 0x00000007c8600000|  0%| F|  |TAMS 0x00000007c8500000, 0x00000007c8500000| Untracked 
| 134|0x00000007c8600000, 0x00000007c8600000, 0x00000007c8700000|  0%| F|  |TAMS 0x00000007c8600000, 0x00000007c8600000| Untracked 
| 135|0x00000007c8700000, 0x00000007c8700000, 0x00000007c8800000|  0%| F|  |TAMS 0x00000007c8700000, 0x00000007c8700000| Untracked 
| 136|0x00000007c8800000, 0x00000007c8800000, 0x00000007c8900000|  0%| F|  |TAMS 0x00000007c8800000, 0x00000007c8800000| Untracked 
| 137|0x00000007c8900000, 0x00000007c8900000, 0x00000007c8a00000|  0%| F|  |TAMS 0x00000007c8900000, 0x00000007c8900000| Untracked 
| 138|0x00000007c8a00000, 0x00000007c8a00000, 0x00000007c8b00000|  0%| F|  |TAMS 0x00000007c8a00000, 0x00000007c8a00000| Untracked 
| 139|0x00000007c8b00000, 0x00000007c8b00000, 0x00000007c8c00000|  0%| F|  |TAMS 0x00000007c8b00000, 0x00000007c8b00000| Untracked 
| 140|0x00000007c8c00000, 0x00000007c8c00000, 0x00000007c8d00000|  0%| F|  |TAMS 0x00000007c8c00000, 0x00000007c8c00000| Untracked 
| 141|0x00000007c8d00000, 0x00000007c8d00000, 0x00000007c8e00000|  0%| F|  |TAMS 0x00000007c8d00000, 0x00000007c8d00000| Untracked 
| 142|0x00000007c8e00000, 0x00000007c8e00000, 0x00000007c8f00000|  0%| F|  |TAMS 0x00000007c8e00000, 0x00000007c8e00000| Untracked 
| 143|0x00000007c8f00000, 0x00000007c8f00000, 0x00000007c9000000|  0%| F|  |TAMS 0x00000007c8f00000, 0x00000007c8f00000| Untracked 
| 144|0x00000007c9000000, 0x00000007c9000000, 0x00000007c9100000|  0%| F|  |TAMS 0x00000007c9000000, 0x00000007c9000000| Untracked 
| 145|0x00000007c9100000, 0x00000007c9100000, 0x00000007c9200000|  0%| F|  |TAMS 0x00000007c9100000, 0x00000007c9100000| Untracked 
| 146|0x00000007c9200000, 0x00000007c9200000, 0x00000007c9300000|  0%| F|  |TAMS 0x00000007c9200000, 0x00000007c9200000| Untracked 
| 147|0x00000007c9300000, 0x00000007c9300000, 0x00000007c9400000|  0%| F|  |TAMS 0x00000007c9300000, 0x00000007c9300000| Untracked 
| 148|0x00000007c9400000, 0x00000007c9400000, 0x00000007c9500000|  0%| F|  |TAMS 0x00000007c9400000, 0x00000007c9400000| Untracked 
| 149|0x00000007c9500000, 0x00000007c9500000, 0x00000007c9600000|  0%| F|  |TAMS 0x00000007c9500000, 0x00000007c9500000| Untracked 
| 150|0x00000007c9600000, 0x00000007c9600000, 0x00000007c9700000|  0%| F|  |TAMS 0x00000007c9600000, 0x00000007c9600000| Untracked 
| 151|0x00000007c9700000, 0x00000007c9700000, 0x00000007c9800000|  0%| F|  |TAMS 0x00000007c9700000, 0x00000007c9700000| Untracked 
| 152|0x00000007c9800000, 0x00000007c9800000, 0x00000007c9900000|  0%| F|  |TAMS 0x00000007c9800000, 0x00000007c9800000| Untracked 
| 153|0x00000007c9900000, 0x00000007c9900000, 0x00000007c9a00000|  0%| F|  |TAMS 0x00000007c9900000, 0x00000007c9900000| Untracked 
| 154|0x00000007c9a00000, 0x00000007c9a00000, 0x00000007c9b00000|  0%| F|  |TAMS 0x00000007c9a00000, 0x00000007c9a00000| Untracked 
| 155|0x00000007c9b00000, 0x00000007c9b00000, 0x00000007c9c00000|  0%| F|  |TAMS 0x00000007c9b00000, 0x00000007c9b00000| Untracked 
| 156|0x00000007c9c00000, 0x00000007c9c00000, 0x00000007c9d00000|  0%| F|  |TAMS 0x00000007c9c00000, 0x00000007c9c00000| Untracked 
| 157|0x00000007c9d00000, 0x00000007c9d00000, 0x00000007c9e00000|  0%| F|  |TAMS 0x00000007c9d00000, 0x00000007c9d00000| Untracked 
| 158|0x00000007c9e00000, 0x00000007c9e00000, 0x00000007c9f00000|  0%| F|  |TAMS 0x00000007c9e00000, 0x00000007c9e00000| Untracked 
| 159|0x00000007c9f00000, 0x00000007c9f00000, 0x00000007ca000000|  0%| F|  |TAMS 0x00000007c9f00000, 0x00000007c9f00000| Untracked 
| 160|0x00000007ca000000, 0x00000007ca000000, 0x00000007ca100000|  0%| F|  |TAMS 0x00000007ca000000, 0x00000007ca000000| Untracked 
| 161|0x00000007ca100000, 0x00000007ca100000, 0x00000007ca200000|  0%| F|  |TAMS 0x00000007ca100000, 0x00000007ca100000| Untracked 
| 162|0x00000007ca200000, 0x00000007ca200000, 0x00000007ca300000|  0%| F|  |TAMS 0x00000007ca200000, 0x00000007ca200000| Untracked 
| 163|0x00000007ca300000, 0x00000007ca300000, 0x00000007ca400000|  0%| F|  |TAMS 0x00000007ca300000, 0x00000007ca300000| Untracked 
| 164|0x00000007ca400000, 0x00000007ca400000, 0x00000007ca500000|  0%| F|  |TAMS 0x00000007ca400000, 0x00000007ca400000| Untracked 
| 165|0x00000007ca500000, 0x00000007ca500000, 0x00000007ca600000|  0%| F|  |TAMS 0x00000007ca500000, 0x00000007ca500000| Untracked 
| 166|0x00000007ca600000, 0x00000007ca600000, 0x00000007ca700000|  0%| F|  |TAMS 0x00000007ca600000, 0x00000007ca600000| Untracked 
| 167|0x00000007ca700000, 0x00000007ca700000, 0x00000007ca800000|  0%| F|  |TAMS 0x00000007ca700000, 0x00000007ca700000| Untracked 
| 168|0x00000007ca800000, 0x00000007ca800000, 0x00000007ca900000|  0%| F|  |TAMS 0x00000007ca800000, 0x00000007ca800000| Untracked 
| 169|0x00000007ca900000, 0x00000007ca900000, 0x00000007caa00000|  0%| F|  |TAMS 0x00000007ca900000, 0x00000007ca900000| Untracked 
| 170|0x00000007caa00000, 0x00000007caa00a78, 0x00000007cab00000|  0%| E|  |TAMS 0x00000007caa00000, 0x00000007caa00000| Complete 
|1022|0x00000007ffe00000, 0x00000007ffe51000, 0x00000007fff00000| 31%|OA|  |TAMS 0x00000007ffe51000, 0x00000007ffe00000| Untracked 
|1023|0x00000007fff00000, 0x00000007fff79000, 0x0000000800000000| 47%|CA|  |TAMS 0x00000007fff79000, 0x00000007fff00000| Untracked 

Card table byte_map: [0x00000001344bf000,0x00000001346bf000] _byte_map_base: 0x00000001306bf000

Marking Bits (Prev, Next): (CMBitMap*) 0x00007f8b3a494850, (CMBitMap*) 0x00007f8b3a494810
 Prev Bits: [0x00000001358bf000, 0x00000001368bf000)
 Next Bits: [0x00000001348bf000, 0x00000001358bf000)

Polling page: 0x00000001195e9000

Metaspace:

Usage:
  Non-class:      9.89 MB capacity,     8.42 MB ( 85%) used,     1.45 MB ( 15%) free+waste,    12.06 KB ( <1%) overhead. 
      Class:      1.72 MB capacity,     1.50 MB ( 88%) used,   211.07 KB ( 12%) free+waste,     5.94 KB ( <1%) overhead. 
       Both:     11.61 MB capacity,     9.93 MB ( 86%) used,     1.66 MB ( 14%) free+waste,    18.00 KB ( <1%) overhead. 

Virtual space:
  Non-class space:       10.00 MB reserved,      10.00 MB (100%) committed 
      Class space:        1.00 GB reserved,       1.75 MB ( <1%) committed 
             Both:        1.01 GB reserved,      11.75 MB (  1%) committed 

Chunk freelists:
   Non-Class:  50.00 KB
       Class:  2.00 KB
        Both:  52.00 KB

MaxMetaspaceSize: 17179869184.00 GB
CompressedClassSpaceSize: 1.00 GB

CodeHeap 'non-profiled nmethods': size=120032Kb used=1464Kb max_used=1464Kb free=118567Kb
 bounds [0x000000012c7a5000, 0x000000012ca15000, 0x0000000133cdd000]
CodeHeap 'profiled nmethods': size=120028Kb used=4927Kb max_used=4927Kb free=115100Kb
 bounds [0x000000012526e000, 0x000000012573e000, 0x000000012c7a5000]
CodeHeap 'non-nmethods': size=5700Kb used=1148Kb max_used=1226Kb free=4551Kb
 bounds [0x0000000124cdd000, 0x0000000124f4d000, 0x000000012526e000]
 total_blobs=3196 nmethods=2798 adapters=311
 compilation: enabled
              stopped_count=0, restarted_count=0
 full_count=0

Compilation events (20 events):
Event: 17.352 Thread 0x00007f8b3934d200 nmethod 2851 0x000000012573d690 code [0x000000012573d820, 0x000000012573d9a0]
Event: 17.352 Thread 0x00007f8b3934d200 2853       3       java.util.stream.Collectors$$Lambda$13/0x0000000800b44f00::apply (8 bytes)
Event: 17.352 Thread 0x00007f8b3934d200 nmethod 2853 0x000000012573da90 code [0x000000012573dc40, 0x000000012573de60]
Event: 17.831 Thread 0x00007f8b3934cc00 nmethod 2810 0x000000012c8e7c10 code [0x000000012c8e9e40, 0x000000012c8f99b0]
Event: 17.832 Thread 0x00007f8b3934cc00 2822       4       scala.collection.TraversableOnce$$Lambda$77/0x0000000800c7f8c0::apply (13 bytes)
Event: 17.837 Thread 0x00007f8b3934cc00 nmethod 2822 0x000000012c90fa10 code [0x000000012c90fbc0, 0x000000012c90ff28]
Event: 17.837 Thread 0x00007f8b3934cc00 2823       4       scala.collection.mutable.MapBuilder::$plus$eq (9 bytes)
Event: 17.841 Thread 0x00007f8b3934cc00 nmethod 2823 0x000000012c910290 code [0x000000012c910440, 0x000000012c910768]
Event: 17.841 Thread 0x00007f8b3934cc00 2824       4       scala.collection.mutable.MapBuilder::$plus$eq (16 bytes)
Event: 17.845 Thread 0x00007f8b3934cc00 nmethod 2824 0x000000012c910a10 code [0x000000012c910bc0, 0x000000012c910ec8]
Event: 17.845 Thread 0x00007f8b3934cc00 2825       4       scala.collection.TraversableOnce::$anonfun$toMap$1 (12 bytes)
Event: 17.849 Thread 0x00007f8b3934cc00 nmethod 2825 0x000000012c911190 code [0x000000012c911340, 0x000000012c911688]
Event: 17.849 Thread 0x00007f8b3934cc00 2850       4       java.util.AbstractCollection::<init> (5 bytes)
Event: 17.850 Thread 0x00007f8b3934cc00 nmethod 2850 0x000000012c911990 code [0x000000012c911b00, 0x000000012c911b58]
Event: 17.850 Thread 0x00007f8b3934cc00 2820       4       scala.collection.LinearSeqLike$$anon$1::next (47 bytes)
Event: 17.852 Thread 0x00007f8b3934cc00 nmethod 2820 0x000000012c911c90 code [0x000000012c911e00, 0x000000012c911f78]
Event: 17.852 Thread 0x00007f8b3934cc00 2813       4       org.openkoreantext.processor.util.KoreanConjugation$$$Lambda$75/0x0000000800c7eef0::apply (16 bytes)
Event: 17.853 Thread 0x00007f8b3934cc00 nmethod 2813 0x000000012c912090 code [0x000000012c912220, 0x000000012c9122e8]
Event: 17.853 Thread 0x00007f8b3934cc00 2819       4       scala.collection.immutable.Set$Set2::$plus (6 bytes)
Event: 17.861 Thread 0x00007f8b3934cc00 nmethod 2819 0x000000012c912410 code [0x000000012c912600, 0x000000012c912cb8]

GC Heap History (20 events):
Event: 15.585 GC heap before
{Heap before GC invocations=49 (full 13):
 garbage-first heap   total 147456K, used 100035K [0x00000007c0000000, 0x0000000800000000)
  region size 1024K, 49 young (50176K), 0 survivors (0K)
 Metaspace       used 9836K, capacity 11622K, committed 11776K, reserved 1058816K
  class space    used 1474K, capacity 1693K, committed 1792K, reserved 1048576K
}
Event: 15.596 GC heap after
{Heap after GC invocations=50 (full 13):
 garbage-first heap   total 147456K, used 56798K [0x00000007c0000000, 0x0000000800000000)
  region size 1024K, 7 young (7168K), 7 survivors (7168K)
 Metaspace       used 9836K, capacity 11622K, committed 11776K, reserved 1058816K
  class space    used 1474K, capacity 1693K, committed 1792K, reserved 1048576K
}
Event: 15.725 GC heap before
{Heap before GC invocations=50 (full 13):
 garbage-first heap   total 147456K, used 104926K [0x00000007c0000000, 0x0000000800000000)
  region size 1024K, 54 young (55296K), 7 survivors (7168K)
 Metaspace       used 9901K, capacity 11654K, committed 11776K, reserved 1058816K
  class space    used 1508K, capacity 1725K, committed 1792K, reserved 1048576K
}
Event: 15.743 GC heap after
{Heap after GC invocations=51 (full 13):
 garbage-first heap   total 147456K, used 62734K [0x00000007c0000000, 0x0000000800000000)
  region size 1024K, 7 young (7168K), 7 survivors (7168K)
 Metaspace       used 9901K, capacity 11654K, committed 11776K, reserved 1058816K
  class space    used 1508K, capacity 1725K, committed 1792K, reserved 1048576K
}
Event: 15.950 GC heap before
{Heap before GC invocations=51 (full 13):
 garbage-first heap   total 147456K, used 108814K [0x00000007c0000000, 0x0000000800000000)
  region size 1024K, 52 young (53248K), 7 survivors (7168K)
 Metaspace       used 9910K, capacity 11654K, committed 11776K, reserved 1058816K
  class space    used 1508K, capacity 1725K, committed 1792K, reserved 1048576K
}
Event: 15.966 GC heap after
{Heap after GC invocations=52 (full 13):
 garbage-first heap   total 147456K, used 67664K [0x00000007c0000000, 0x0000000800000000)
  region size 1024K, 6 young (6144K), 6 survivors (6144K)
 Metaspace       used 9910K, capacity 11654K, committed 11776K, reserved 1058816K
  class space    used 1508K, capacity 1725K, committed 1792K, reserved 1048576K
}
Event: 16.027 GC heap before
{Heap before GC invocations=52 (full 13):
 garbage-first heap   total 147456K, used 111696K [0x00000007c0000000, 0x0000000800000000)
  region size 1024K, 49 young (50176K), 6 survivors (6144K)
 Metaspace       used 9912K, capacity 11654K, committed 11776K, reserved 1058816K
  class space    used 1508K, capacity 1725K, committed 1792K, reserved 1048576K
}
Event: 16.042 GC heap after
{Heap after GC invocations=53 (full 13):
 garbage-first heap   total 177152K, used 72744K [0x00000007c0000000, 0x0000000800000000)
  region size 1024K, 6 young (6144K), 6 survivors (6144K)
 Metaspace       used 9912K, capacity 11654K, committed 11776K, reserved 1058816K
  class space    used 1508K, capacity 1725K, committed 1792K, reserved 1048576K
}
Event: 16.076 GC heap before
{Heap before GC invocations=53 (full 13):
 garbage-first heap   total 177152K, used 81960K [0x00000007c0000000, 0x0000000800000000)
  region size 1024K, 16 young (16384K), 6 survivors (6144K)
 Metaspace       used 9912K, capacity 11654K, committed 11776K, reserved 1058816K
  class space    used 1508K, capacity 1725K, committed 1792K, reserved 1048576K
}
Event: 16.215 GC heap after
{Heap after GC invocations=54 (full 14):
 garbage-first heap   total 177152K, used 68123K [0x00000007c0000000, 0x0000000800000000)
  region size 1024K, 0 young (0K), 0 survivors (0K)
 Metaspace       used 9912K, capacity 11654K, committed 11776K, reserved 1058816K
  class space    used 1508K, capacity 1725K, committed 1792K, reserved 1048576K
}
Event: 16.382 GC heap before
{Heap before GC invocations=54 (full 14):
 garbage-first heap   total 177152K, used 133659K [0x00000007c0000000, 0x0000000800000000)
  region size 1024K, 64 young (65536K), 0 survivors (0K)
 Metaspace       used 9912K, capacity 11654K, committed 11776K, reserved 1058816K
  class space    used 1508K, capacity 1725K, committed 1792K, reserved 1048576K
}
Event: 16.393 GC heap after
{Heap after GC invocations=55 (full 14):
 garbage-first heap   total 177152K, used 76064K [0x00000007c0000000, 0x0000000800000000)
  region size 1024K, 8 young (8192K), 8 survivors (8192K)
 Metaspace       used 9912K, capacity 11654K, committed 11776K, reserved 1058816K
  class space    used 1508K, capacity 1725K, committed 1792K, reserved 1048576K
}
Event: 16.426 GC heap before
{Heap before GC invocations=55 (full 14):
 garbage-first heap   total 177152K, used 96544K [0x00000007c0000000, 0x0000000800000000)
  region size 1024K, 29 young (29696K), 8 survivors (8192K)
 Metaspace       used 9912K, capacity 11654K, committed 11776K, reserved 1058816K
  class space    used 1508K, capacity 1725K, committed 1792K, reserved 1048576K
}
Event: 16.548 GC heap after
{Heap after GC invocations=56 (full 15):
 garbage-first heap   total 177152K, used 77353K [0x00000007c0000000, 0x0000000800000000)
  region size 1024K, 0 young (0K), 0 survivors (0K)
 Metaspace       used 9912K, capacity 11654K, committed 11776K, reserved 1058816K
  class space    used 1508K, capacity 1725K, committed 1792K, reserved 1048576K
}
Event: 16.725 GC heap before
{Heap before GC invocations=56 (full 15):
 garbage-first heap   total 177152K, used 135721K [0x00000007c0000000, 0x0000000800000000)
  region size 1024K, 57 young (58368K), 0 survivors (0K)
 Metaspace       used 9914K, capacity 11654K, committed 11776K, reserved 1058816K
  class space    used 1508K, capacity 1725K, committed 1792K, reserved 1048576K
}
Event: 16.736 GC heap after
{Heap after GC invocations=57 (full 15):
 garbage-first heap   total 177152K, used 84201K [0x00000007c0000000, 0x0000000800000000)
  region size 1024K, 7 young (7168K), 7 survivors (7168K)
 Metaspace       used 9914K, capacity 11654K, committed 11776K, reserved 1058816K
  class space    used 1508K, capacity 1725K, committed 1792K, reserved 1048576K
}
Event: 19.147 GC heap before
{Heap before GC invocations=58 (full 15):
 garbage-first heap   total 177152K, used 95465K [0x00000007c0000000, 0x0000000800000000)
  region size 1024K, 19 young (19456K), 7 survivors (7168K)
 Metaspace       used 10165K, capacity 11884K, committed 12032K, reserved 1058816K
  class space    used 1540K, capacity 1758K, committed 1792K, reserved 1048576K
}
Event: 19.323 GC heap after
{Heap after GC invocations=59 (full 16):
 garbage-first heap   total 177152K, used 79062K [0x00000007c0000000, 0x0000000800000000)
  region size 1024K, 0 young (0K), 0 survivors (0K)
 Metaspace       used 10165K, capacity 11884K, committed 12032K, reserved 1058816K
  class space    used 1540K, capacity 1758K, committed 1792K, reserved 1048576K
}
Event: 28.132 GC heap before
{Heap before GC invocations=59 (full 16):
 garbage-first heap   total 177152K, used 79062K [0x00000007c0000000, 0x0000000800000000)
  region size 1024K, 1 young (1024K), 0 survivors (0K)
 Metaspace       used 10165K, capacity 11884K, committed 12032K, reserved 1058816K
  class space    used 1540K, capacity 1758K, committed 1792K, reserved 1048576K
}
Event: 28.327 GC heap after
{Heap after GC invocations=60 (full 17):
 garbage-first heap   total 177152K, used 79061K [0x00000007c0000000, 0x0000000800000000)
  region size 1024K, 0 young (0K), 0 survivors (0K)
 Metaspace       used 10165K, capacity 11884K, committed 12032K, reserved 1058816K
  class space    used 1540K, capacity 1758K, committed 1792K, reserved 1048576K
}

Deoptimization events (20 events):
Event: 16.579 Thread 0x00007f8b392f2800 Uncommon trap: trap_request=0xffffffde fr.pc=0x000000012c8de084 relative=0x00000000000002c4
Event: 16.579 Thread 0x00007f8b392f2800 Uncommon trap: reason=class_check action=maybe_recompile pc=0x000000012c8de084 method=scala.collection.mutable.MapBuilder.$plus$eq(Lscala/Tuple2;)Lscala/collection/mutable/MapBuilder; @ 6 c2
Event: 16.579 Thread 0x00007f8b392f2800 DEOPT PACKING pc=0x000000012c8de084 sp=0x00007000040526c0
Event: 16.579 Thread 0x00007f8b392f2800 DEOPT UNPACKING pc=0x0000000124d2b125 sp=0x0000700004052550 mode 2
Event: 16.579 Thread 0x00007f8b392f2800 Uncommon trap: trap_request=0xffffffde fr.pc=0x000000012c8de084 relative=0x00000000000002c4
Event: 16.579 Thread 0x00007f8b392f2800 Uncommon trap: reason=class_check action=maybe_recompile pc=0x000000012c8de084 method=scala.collection.mutable.MapBuilder.$plus$eq(Lscala/Tuple2;)Lscala/collection/mutable/MapBuilder; @ 6 c2
Event: 16.579 Thread 0x00007f8b392f2800 DEOPT PACKING pc=0x000000012c8de084 sp=0x00007000040526c0
Event: 16.579 Thread 0x00007f8b392f2800 DEOPT UNPACKING pc=0x0000000124d2b125 sp=0x0000700004052550 mode 2
Event: 16.579 Thread 0x00007f8b392f2800 Uncommon trap: trap_request=0xffffffde fr.pc=0x000000012c8de8b8 relative=0x0000000000000278
Event: 16.579 Thread 0x00007f8b392f2800 Uncommon trap: reason=class_check action=maybe_recompile pc=0x000000012c8de8b8 method=scala.collection.mutable.MapBuilder.$plus$eq(Lscala/Tuple2;)Lscala/collection/mutable/MapBuilder; @ 6 c2
Event: 16.579 Thread 0x00007f8b392f2800 DEOPT PACKING pc=0x000000012c8de8b8 sp=0x00007000040525e0
Event: 16.579 Thread 0x00007f8b392f2800 DEOPT UNPACKING pc=0x0000000124d2b125 sp=0x0000700004052548 mode 2
Event: 16.785 Thread 0x00007f8b392f2800 Uncommon trap: trap_request=0xffffff45 fr.pc=0x000000012c847178 relative=0x00000000000005d8
Event: 16.785 Thread 0x00007f8b392f2800 Uncommon trap: reason=unstable_if action=reinterpret pc=0x000000012c847178 method=scala.collection.immutable.HashMap$HashTrieMap.get0(Ljava/lang/Object;II)Lscala/Option; @ 13 c2
Event: 16.785 Thread 0x00007f8b392f2800 DEOPT PACKING pc=0x000000012c847178 sp=0x0000700004052a70
Event: 16.785 Thread 0x00007f8b392f2800 DEOPT UNPACKING pc=0x0000000124d2b125 sp=0x0000700004052a00 mode 2
Event: 17.350 Thread 0x00007f8b392f2800 Uncommon trap: trap_request=0xffffffc6 fr.pc=0x000000012c89015c relative=0x00000000000015bc
Event: 17.350 Thread 0x00007f8b392f2800 Uncommon trap: reason=bimorphic_or_optimized_type_check action=maybe_recompile pc=0x000000012c89015c method=java.util.HashMap.putVal(ILjava/lang/Object;Ljava/lang/Object;ZZ)Ljava/lang/Object; @ 91 c2
Event: 17.350 Thread 0x00007f8b392f2800 DEOPT PACKING pc=0x000000012c89015c sp=0x0000700004052440
Event: 17.350 Thread 0x00007f8b392f2800 DEOPT UNPACKING pc=0x0000000124d2b125 sp=0x00007000040523f0 mode 2

Classes unloaded (0 events):
No events

Classes redefined (0 events):
No events

Internal exceptions (20 events):
Event: 3.945 Thread 0x00007f8b392f2800 Exception <a 'java/lang/NoSuchMethodError'{0x00000007c0ae7020}: 'java.lang.Object java.lang.invoke.Invokers$Holder.invokeExact_MT(java.lang.Object, java.lang.Object, java.lang.Object, java.lang.Object, java.lang.Object, java.lang.Object)'> (0x00000007c0ae7020) 
thrown [./open/src/hotspot/share/interpreter/linkResolver.cpp, line 782]
Event: 4.645 Thread 0x00007f8b392f2800 Exception <a 'java/lang/NoSuchMethodError'{0x00000007c1ba69d8}: 'java.lang.Object java.lang.invoke.DirectMethodHandle$Holder.invokeStaticInit(java.lang.Object, java.lang.Object, java.lang.Object)'> (0x00000007c1ba69d8) 
thrown [./open/src/hotspot/share/interpreter/linkResolver.cpp, line 782]
Event: 4.905 Thread 0x00007f8b392f2800 Exception <a 'java/lang/NoSuchMethodError'{0x00000007c1850860}: 'int java.lang.invoke.DirectMethodHandle$Holder.invokeStatic(java.lang.Object, java.lang.Object, int)'> (0x00000007c1850860) 
thrown [./open/src/hotspot/share/interpreter/linkResolver.cpp, line 782]
Event: 4.963 Thread 0x00007f8b392f2800 Exception <a 'java/lang/NoSuchMethodError'{0x00000007c1724d60}: 'java.lang.Object java.lang.invoke.DirectMethodHandle$Holder.newInvokeSpecial(java.lang.Object, java.lang.Object, java.lang.Object, java.lang.Object, java.lang.Object)'> (0x00000007c1724d60) 
thrown [./open/src/hotspot/share/interpreter/linkResolver.cpp, line 782]
Event: 5.181 Thread 0x00007f8b392f2800 Exception <a 'java/lang/NoSuchMethodError'{0x00000007c1785e88}: 'java.lang.Object java.lang.invoke.DirectMethodHandle$Holder.newInvokeSpecial(java.lang.Object, java.lang.Object, int, java.lang.Object)'> (0x00000007c1785e88) 
thrown [./open/src/hotspot/share/interpreter/linkResolver.cpp, line 782]
Event: 5.182 Thread 0x00007f8b392f2800 Exception <a 'java/lang/NoSuchMethodError'{0x00000007c178a0c8}: 'java.lang.Object java.lang.invoke.DirectMethodHandle$Holder.invokeSpecial(java.lang.Object, java.lang.Object, java.lang.Object, int, java.lang.Object)'> (0x00000007c178a0c8) 
thrown [./open/src/hotspot/share/interpreter/linkResolver.cpp, line 782]
Event: 5.484 Thread 0x00007f8b392f2800 Exception <a 'java/lang/NoSuchMethodError'{0x00000007c1640da0}: 'java.lang.Object java.lang.invoke.DirectMethodHandle$Holder.invokeStaticInit(java.lang.Object, java.lang.Object, java.lang.Object, java.lang.Object)'> (0x00000007c1640da0) 
thrown [./open/src/hotspot/share/interpreter/linkResolver.cpp, line 782]
Event: 5.596 Thread 0x00007f8b392f2800 Exception <a 'java/lang/NoSuchMethodError'{0x00000007c16cc588}: 'void java.lang.invoke.DirectMethodHandle$Holder.invokeStatic(java.lang.Object, java.lang.Object)'> (0x00000007c16cc588) 
thrown [./open/src/hotspot/share/interpreter/linkResolver.cpp, line 782]
Event: 8.065 Thread 0x00007f8b392f2800 Exception <a 'java/lang/NoSuchMethodError'{0x00000007c1ed5358}: 'java.lang.Object java.lang.invoke.DirectMethodHandle$Holder.invokeStatic(java.lang.Object, java.lang.Object, int, java.lang.Object)'> (0x00000007c1ed5358) 
thrown [./open/src/hotspot/share/interpreter/linkResolver.cpp, line 782]
Event: 8.068 Thread 0x00007f8b392f2800 Exception <a 'java/lang/NoSuchMethodError'{0x00000007c1ede838}: 'java.lang.Object java.lang.invoke.DirectMethodHandle$Holder.newInvokeSpecial(java.lang.Object, java.lang.Object, int)'> (0x00000007c1ede838) 
thrown [./open/src/hotspot/share/interpreter/linkResolver.cpp, line 782]
Event: 8.422 Thread 0x00007f8b392f2800 Exception <a 'java/lang/NoSuchMethodError'{0x00000007c1d06de8}: 'java.lang.Object java.lang.invoke.DirectMethodHandle$Holder.invokeStatic(java.lang.Object, int, java.lang.Object)'> (0x00000007c1d06de8) 
thrown [./open/src/hotspot/share/interpreter/linkResolver.cpp, line 782]
Event: 12.604 Thread 0x00007f8b392f2800 Exception <a 'java/lang/NoSuchMethodError'{0x00000007c61c5658}: 'java.lang.Object java.lang.invoke.DirectMethodHandle$Holder.newInvokeSpecial(java.lang.Object, java.lang.Object, java.lang.Object, java.lang.Object, int, java.lang.Object)'> (0x00000007c61c5658) 
thrown [./open/src/hotspot/share/interpreter/linkResolver.cpp, line 782]
Event: 12.605 Thread 0x00007f8b392f2800 Exception <a 'java/lang/NoSuchMethodError'{0x00000007c61c9a40}: 'java.lang.Object java.lang.invoke.DirectMethodHandle$Holder.invokeSpecial(java.lang.Object, java.lang.Object, java.lang.Object, java.lang.Object, java.lang.Object, int, java.lang.Object)'> (0x00000007c61c9a40) 
thrown [./open/src/hotspot/share/interpreter/linkResolver.cpp, line 782]
Event: 13.046 Thread 0x00007f8b392f2800 Exception <a 'java/lang/NoSuchMethodError'{0x00000007c600f8a0}: 'java.lang.Object java.lang.invoke.DirectMethodHandle$Holder.invokeStaticInit(java.lang.Object, java.lang.Object, java.lang.Object, java.lang.Object, java.lang.Object)'> (0x00000007c600f8a0) 
thrown [./open/src/hotspot/share/interpreter/linkResolver.cpp, line 782]
Event: 13.137 Thread 0x00007f8b392f2800 Exception <a 'java/lang/NoSuchMethodError'{0x00000007c6017200}: 'java.lang.Object java.lang.invoke.Invokers$Holder.invoke_MT(java.lang.Object, java.lang.Object, java.lang.Object, java.lang.Object, java.lang.Object, java.lang.Object)'> (0x00000007c6017200) 
thrown [./open/src/hotspot/share/interpreter/linkResolver.cpp, line 782]
Event: 13.285 Thread 0x00007f8b392f2800 Exception <a 'java/lang/NoSuchMethodError'{0x00000007c60249f8}: 'java.lang.Object java.lang.invoke.Invokers$Holder.invoker(java.lang.Object, java.lang.Object, java.lang.Object)'> (0x00000007c60249f8) 
thrown [./open/src/hotspot/share/interpreter/linkResolver.cpp, line 782]
Event: 13.326 Thread 0x00007f8b392f2800 Exception <a 'java/lang/NoSuchMethodError'{0x00000007c602e170}: 'java.lang.Object java.lang.invoke.DirectMethodHandle$Holder.invokeStatic(java.lang.Object, java.lang.Object, int)'> (0x00000007c602e170) 
thrown [./open/src/hotspot/share/interpreter/linkResolver.cpp, line 782]
Event: 13.328 Thread 0x00007f8b392f2800 Exception <a 'java/lang/NoSuchMethodError'{0x00000007c6039578}: 'void java.lang.invoke.DelegatingMethodHandle$Holder.delegate(java.lang.Object, java.lang.Object, int, java.lang.Object)'> (0x00000007c6039578) 
thrown [./open/src/hotspot/share/interpreter/linkResolver.cpp, line 782]
Event: 13.328 Thread 0x00007f8b392f2800 Exception <a 'java/lang/NoSuchMethodError'{0x00000007c603dd68}: 'int java.lang.invoke.DirectMethodHandle$Holder.invokeSpecial(java.lang.Object, java.lang.Object, java.lang.Object)'> (0x00000007c603dd68) 
thrown [./open/src/hotspot/share/interpreter/linkResolver.cpp, line 782]
Event: 13.330 Thread 0x00007f8b392f2800 Exception <a 'java/lang/NoSuchMethodError'{0x00000007c6046538}: 'java.lang.Object java.lang.invoke.Invokers$Holder.invokeExact_MT(java.lang.Object, java.lang.Object, java.lang.Object, java.lang.Object)'> (0x00000007c6046538) 
thrown [./open/src/hotspot/share/interpreter/linkResolver.cpp, line 782]

Events (20 events):
Event: 17.354 loading class java/lang/SafeVarargs
Event: 17.354 loading class java/lang/SafeVarargs done
Event: 17.359 loading class java/util/AbstractList$Itr
Event: 17.410 loading class java/util/AbstractList$Itr done
Event: 17.410 loading class java/util/AbstractList$ListItr
Event: 17.411 loading class java/util/AbstractList$ListItr done
Event: 17.411 loading class java/util/AbstractList$RandomAccessSubList
Event: 17.411 loading class java/util/AbstractList$SubList
Event: 17.429 loading class java/util/AbstractList$SubList done
Event: 17.429 loading class java/util/AbstractList$RandomAccessSubList done
Event: 17.540 loading class java/util/ArrayList$ListItr
Event: 17.547 loading class java/util/ArrayList$ListItr done
Event: 17.547 Executing VM operation: HandshakeAllThreads
Event: 17.547 Executing VM operation: HandshakeAllThreads done
Event: 17.830 Executing VM operation: HandshakeAllThreads
Event: 17.830 Executing VM operation: HandshakeAllThreads done
Event: 19.147 Executing VM operation: G1CollectFull
Event: 19.323 Executing VM operation: G1CollectFull done
Event: 28.131 Executing VM operation: G1CollectFull
Event: 28.328 Executing VM operation: G1CollectFull done


Dynamic libraries:
0x00007fff3dd7a000 	/System/Library/Frameworks/CoreFoundation.framework/Versions/A/CoreFoundation
0x000000010f991000 	/Library/Frameworks/Python.framework/Versions/3.9/Python
0x00007fff66d14000 	/usr/lib/libSystem.B.dylib
0x00007fff685cb000 	/usr/lib/libobjc.A.dylib
0x00007fff668d4000 	/usr/lib/libDiagnosticMessagesClient.dylib
0x00007fff67a87000 	/usr/lib/libicucore.A.dylib
0x00007fff69431000 	/usr/lib/libz.1.dylib
0x00007fff6702b000 	/usr/lib/libc++abi.dylib
0x00007fff66fd7000 	/usr/lib/libc++.1.dylib
0x00007fff69c27000 	/usr/lib/system/libcache.dylib
0x00007fff69c2c000 	/usr/lib/system/libcommonCrypto.dylib
0x00007fff69c37000 	/usr/lib/system/libcompiler_rt.dylib
0x00007fff69c3f000 	/usr/lib/system/libcopyfile.dylib
0x00007fff69c49000 	/usr/lib/system/libcorecrypto.dylib
0x00007fff69d54000 	/usr/lib/system/libdispatch.dylib
0x00007fff69d8e000 	/usr/lib/system/libdyld.dylib
0x00007fff69dbb000 	/usr/lib/system/libkeymgr.dylib
0x00007fff69dc9000 	/usr/lib/system/liblaunch.dylib
0x00007fff69dca000 	/usr/lib/system/libmacho.dylib
0x00007fff69dd0000 	/usr/lib/system/libquarantine.dylib
0x00007fff69dd3000 	/usr/lib/system/libremovefile.dylib
0x00007fff69dd5000 	/usr/lib/system/libsystem_asl.dylib
0x00007fff69ded000 	/usr/lib/system/libsystem_blocks.dylib
0x00007fff69dee000 	/usr/lib/system/libsystem_c.dylib
0x00007fff69e76000 	/usr/lib/system/libsystem_configuration.dylib
0x00007fff69e7a000 	/usr/lib/system/libsystem_coreservices.dylib
0x00007fff69e7e000 	/usr/lib/system/libsystem_darwin.dylib
0x00007fff69e85000 	/usr/lib/system/libsystem_dnssd.dylib
0x00007fff69e8c000 	/usr/lib/system/libsystem_info.dylib
0x00007fff69f01000 	/usr/lib/system/libsystem_m.dylib
0x00007fff69f4d000 	/usr/lib/system/libsystem_malloc.dylib
0x00007fff69f78000 	/usr/lib/system/libsystem_networkextension.dylib
0x00007fff69f83000 	/usr/lib/system/libsystem_notify.dylib
0x00007fff69fa0000 	/usr/lib/system/libsystem_sandbox.dylib
0x00007fff69fa4000 	/usr/lib/system/libsystem_secinit.dylib
0x00007fff69ed8000 	/usr/lib/system/libsystem_kernel.dylib
0x00007fff69f8b000 	/usr/lib/system/libsystem_platform.dylib
0x00007fff69f95000 	/usr/lib/system/libsystem_pthread.dylib
0x00007fff69fa7000 	/usr/lib/system/libsystem_symptoms.dylib
0x00007fff69faf000 	/usr/lib/system/libsystem_trace.dylib
0x00007fff69fc6000 	/usr/lib/system/libunwind.dylib
0x00007fff69fcc000 	/usr/lib/system/libxpc.dylib
0x00007fff32286000 	/System/Library/CoreServices/Encodings/libKoreanConverter.dylib
0x000000010ff80000 	/Library/Frameworks/Python.framework/Versions/3.9/lib/python3.9/lib-dynload/_heapq.cpython-39-darwin.so
0x000000011004a000 	/Library/Frameworks/Python.framework/Versions/3.9/lib/python3.9/lib-dynload/math.cpython-39-darwin.so
0x000000011005e000 	/Library/Frameworks/Python.framework/Versions/3.9/lib/python3.9/lib-dynload/_bisect.cpython-39-darwin.so
0x0000000110067000 	/Library/Frameworks/Python.framework/Versions/3.9/lib/python3.9/lib-dynload/_random.cpython-39-darwin.so
0x0000000110071000 	/Library/Frameworks/Python.framework/Versions/3.9/lib/python3.9/lib-dynload/_sha512.cpython-39-darwin.so
0x00000001100be000 	/Library/Frameworks/Python.framework/Versions/3.9/lib/python3.9/lib-dynload/_struct.cpython-39-darwin.so
0x00000001100d0000 	/Library/Frameworks/Python.framework/Versions/3.9/lib/python3.9/lib-dynload/binascii.cpython-39-darwin.so
0x00000001101bb000 	/Library/Frameworks/Python.framework/Versions/3.9/lib/python3.9/lib-dynload/_opcode.cpython-39-darwin.so
0x00000001102c3000 	/Library/Frameworks/Python.framework/Versions/3.9/lib/python3.9/lib-dynload/zlib.cpython-39-darwin.so
0x0000000110312000 	/Library/Frameworks/Python.framework/Versions/3.9/lib/python3.9/lib-dynload/_bz2.cpython-39-darwin.so
0x00007fff66fc9000 	/usr/lib/libbz2.1.0.dylib
0x000000011031d000 	/Library/Frameworks/Python.framework/Versions/3.9/lib/python3.9/lib-dynload/_lzma.cpython-39-darwin.so
0x000000011035d000 	/Library/Frameworks/Python.framework/Versions/3.9/lib/python3.9/lib-dynload/grp.cpython-39-darwin.so
0x0000000110366000 	/Library/Frameworks/Python.framework/Versions/3.9/lib/python3.9/lib-dynload/_posixsubprocess.cpython-39-darwin.so
0x0000000110371000 	/Library/Frameworks/Python.framework/Versions/3.9/lib/python3.9/lib-dynload/select.cpython-39-darwin.so
0x00000001103ff000 	/Users/eunsilpark/Python/ReactWordCloudWebApp-Python/lib/python3.9/site-packages/numpy/core/_multiarray_umath.cpython-39-darwin.so
0x00000001108a5000 	/Users/eunsilpark/Python/ReactWordCloudWebApp-Python/lib/python3.9/site-packages/numpy/.dylibs/libopenblas.0.dylib
0x000000011461d000 	/Users/eunsilpark/Python/ReactWordCloudWebApp-Python/lib/python3.9/site-packages/numpy/.dylibs/libgfortran.3.dylib
0x0000000114798000 	/Users/eunsilpark/Python/ReactWordCloudWebApp-Python/lib/python3.9/site-packages/numpy/.dylibs/libquadmath.0.dylib
0x00000001147dd000 	/Users/eunsilpark/Python/ReactWordCloudWebApp-Python/lib/python3.9/site-packages/numpy/.dylibs/libgcc_s.1.dylib
0x000000011483d000 	/Library/Frameworks/Python.framework/Versions/3.9/lib/python3.9/lib-dynload/_datetime.cpython-39-darwin.so
0x000000011489d000 	/Library/Frameworks/Python.framework/Versions/3.9/lib/python3.9/lib-dynload/_pickle.cpython-39-darwin.so
0x00000001149ef000 	/Users/eunsilpark/Python/ReactWordCloudWebApp-Python/lib/python3.9/site-packages/numpy/core/_multiarray_tests.cpython-39-darwin.so
0x0000000114a9f000 	/Library/Frameworks/Python.framework/Versions/3.9/lib/python3.9/lib-dynload/_ctypes.cpython-39-darwin.so
0x00007fff67956000 	/usr/lib/libffi.dylib
0x0000000114b07000 	/Users/eunsilpark/Python/ReactWordCloudWebApp-Python/lib/python3.9/site-packages/numpy/linalg/lapack_lite.cpython-39-darwin.so
0x0000000114b0c000 	/Users/eunsilpark/Python/ReactWordCloudWebApp-Python/lib/python3.9/site-packages/numpy/linalg/_umath_linalg.cpython-39-darwin.so
0x0000000114bf4000 	/Users/eunsilpark/Python/ReactWordCloudWebApp-Python/lib/python3.9/site-packages/numpy/fft/_pocketfft_internal.cpython-39-darwin.so
0x0000000114c49000 	/Users/eunsilpark/Python/ReactWordCloudWebApp-Python/lib/python3.9/site-packages/numpy/random/mtrand.cpython-39-darwin.so
0x0000000116dd8000 	/Users/eunsilpark/Python/ReactWordCloudWebApp-Python/lib/python3.9/site-packages/numpy/random/bit_generator.cpython-39-darwin.so
0x0000000116e11000 	/Users/eunsilpark/Python/ReactWordCloudWebApp-Python/lib/python3.9/site-packages/numpy/random/_common.cpython-39-darwin.so
0x0000000116e5f000 	/Library/Frameworks/Python.framework/Versions/3.9/lib/python3.9/lib-dynload/_hashlib.cpython-39-darwin.so
0x0000000116e73000 	/Library/Frameworks/Python.framework/Versions/3.9/lib/libssl.1.1.dylib
0x0000000116efa000 	/Library/Frameworks/Python.framework/Versions/3.9/lib/libcrypto.1.1.dylib
0x00000001171ae000 	/Library/Frameworks/Python.framework/Versions/3.9/lib/python3.9/lib-dynload/_blake2.cpython-39-darwin.so
0x00000001171be000 	/Users/eunsilpark/Python/ReactWordCloudWebApp-Python/lib/python3.9/site-packages/numpy/random/_bounded_integers.cpython-39-darwin.so
0x0000000117235000 	/Users/eunsilpark/Python/ReactWordCloudWebApp-Python/lib/python3.9/site-packages/numpy/random/_mt19937.cpython-39-darwin.so
0x0000000117250000 	/Users/eunsilpark/Python/ReactWordCloudWebApp-Python/lib/python3.9/site-packages/numpy/random/_philox.cpython-39-darwin.so
0x0000000117268000 	/Users/eunsilpark/Python/ReactWordCloudWebApp-Python/lib/python3.9/site-packages/numpy/random/_pcg64.cpython-39-darwin.so
0x000000011727d000 	/Users/eunsilpark/Python/ReactWordCloudWebApp-Python/lib/python3.9/site-packages/numpy/random/_sfc64.cpython-39-darwin.so
0x000000011728d000 	/Users/eunsilpark/Python/ReactWordCloudWebApp-Python/lib/python3.9/site-packages/numpy/random/_generator.cpython-39-darwin.so
0x00000001194a6000 	/Library/Frameworks/Python.framework/Versions/3.9/lib/python3.9/lib-dynload/_uuid.cpython-39-darwin.so
0x00000001196ab000 	/Library/Frameworks/Python.framework/Versions/3.9/lib/python3.9/lib-dynload/_json.cpython-39-darwin.so
0x00000001196ba000 	/Users/eunsilpark/Python/ReactWordCloudWebApp-Python/lib/python3.9/site-packages/matplotlib/ft2font.cpython-39-darwin.so
0x00000001197ea000 	/Users/eunsilpark/Python/ReactWordCloudWebApp-Python/lib/python3.9/site-packages/kiwisolver.cpython-39-darwin.so
0x00000001198e2000 	/Library/Frameworks/Python.framework/Versions/3.9/lib/python3.9/lib-dynload/_socket.cpython-39-darwin.so
0x00000001198fc000 	/Library/Frameworks/Python.framework/Versions/3.9/lib/python3.9/lib-dynload/array.cpython-39-darwin.so
0x0000000119990000 	/Library/Frameworks/Python.framework/Versions/3.9/lib/python3.9/lib-dynload/_ssl.cpython-39-darwin.so
0x0000000119a07000 	/Library/Frameworks/Python.framework/Versions/3.9/lib/python3.9/lib-dynload/_scproxy.cpython-39-darwin.so
0x00007fff49a28000 	/System/Library/Frameworks/SystemConfiguration.framework/Versions/A/SystemConfiguration
0x00007fff66fb8000 	/usr/lib/libbsm.0.dylib
0x00007fff681e8000 	/usr/lib/libnetwork.dylib
0x00007fff68d6c000 	/usr/lib/libpcap.A.dylib
0x00007fff672e0000 	/usr/lib/libcoretls.dylib
0x00007fff672f7000 	/usr/lib/libcoretls_cfhelpers.dylib
0x00007fff492cc000 	/System/Library/Frameworks/Security.framework/Versions/A/Security
0x00007fff66da4000 	/usr/lib/libapple_nghttp2.dylib
0x00007fff4001b000 	/System/Library/Frameworks/Foundation.framework/Versions/C/Foundation
0x00007fff4dee1000 	/System/Library/PrivateFrameworks/AppleFSCompression.framework/Versions/A/AppleFSCompression
0x00007fff66bd4000 	/usr/lib/libOpenScriptingUtil.dylib
0x00007fff66ee8000 	/usr/lib/libauto.dylib
0x00007fff68d65000 	/usr/lib/libpam.2.dylib
0x00007fff68f25000 	/usr/lib/libsqlite3.dylib
0x00007fff69313000 	/usr/lib/libxar.1.dylib
0x00007fff406d3000 	/System/Library/Frameworks/IOKit.framework/Versions/A/IOKit
0x00007fff3fe50000 	/System/Library/Frameworks/DiskArbitration.framework/Versions/A/DiskArbitration
0x00007fff66dbb000 	/usr/lib/libarchive.2.dylib
0x00007fff69325000 	/usr/lib/libxml2.2.dylib
0x00007fff3cc3f000 	/System/Library/Frameworks/CFNetwork.framework/Versions/A/CFNetwork
0x00007fff3efee000 	/System/Library/Frameworks/CoreServices.framework/Versions/A/CoreServices
0x00007fff67d35000 	/usr/lib/liblangid.dylib
0x00007fff66805000 	/usr/lib/libCRFSuite.dylib
0x00007fff6792e000 	/usr/lib/libenergytrace.dylib
0x00007fff69dbc000 	/usr/lib/system/libkxld.dylib
0x00007fff67d37000 	/usr/lib/liblzma.5.dylib
0x00007fff3f38d000 	/System/Library/Frameworks/CoreServices.framework/Versions/A/Frameworks/FSEvents.framework/Versions/A/FSEvents
0x00007fff3f06c000 	/System/Library/Frameworks/CoreServices.framework/Versions/A/Frameworks/CarbonCore.framework/Versions/A/CarbonCore
0x00007fff3f548000 	/System/Library/Frameworks/CoreServices.framework/Versions/A/Frameworks/Metadata.framework/Versions/A/Metadata
0x00007fff3f5e7000 	/System/Library/Frameworks/CoreServices.framework/Versions/A/Frameworks/OSServices.framework/Versions/A/OSServices
0x00007fff3f632000 	/System/Library/Frameworks/CoreServices.framework/Versions/A/Frameworks/SearchKit.framework/Versions/A/SearchKit
0x00007fff3efef000 	/System/Library/Frameworks/CoreServices.framework/Versions/A/Frameworks/AE.framework/Versions/A/AE
0x00007fff3f396000 	/System/Library/Frameworks/CoreServices.framework/Versions/A/Frameworks/LaunchServices.framework/Versions/A/LaunchServices
0x00007fff3f344000 	/System/Library/Frameworks/CoreServices.framework/Versions/A/Frameworks/DictionaryServices.framework/Versions/A/DictionaryServices
0x00007fff3f69a000 	/System/Library/Frameworks/CoreServices.framework/Versions/A/Frameworks/SharedFileList.framework/Versions/A/SharedFileList
0x00007fff43a09000 	/System/Library/Frameworks/NetFS.framework/Versions/A/NetFS
0x00007fff5cb85000 	/System/Library/PrivateFrameworks/NetAuth.framework/Versions/A/NetAuth
0x00007fff66539000 	/System/Library/PrivateFrameworks/login.framework/Versions/A/Frameworks/loginsupport.framework/Versions/A/loginsupport
0x00007fff6465a000 	/System/Library/PrivateFrameworks/TCC.framework/Versions/A/TCC
0x00007fff51afb000 	/System/Library/PrivateFrameworks/CoreNLP.framework/Versions/A/CoreNLP
0x00007fff5c61a000 	/System/Library/PrivateFrameworks/MetadataUtilities.framework/Versions/A/MetadataUtilities
0x00007fff67e0c000 	/usr/lib/libmecabra.dylib
0x00007fff3c18a000 	/System/Library/Frameworks/ApplicationServices.framework/Versions/A/ApplicationServices
0x00007fff3e1c2000 	/System/Library/Frameworks/CoreGraphics.framework/Versions/A/CoreGraphics
0x00007fff3f9c6000 	/System/Library/Frameworks/CoreText.framework/Versions/A/CoreText
0x00007fff407c7000 	/System/Library/Frameworks/ImageIO.framework/Versions/A/ImageIO
0x00007fff3d505000 	/System/Library/Frameworks/ColorSync.framework/Versions/A/ColorSync
0x00007fff3c18b000 	/System/Library/Frameworks/ApplicationServices.framework/Versions/A/Frameworks/ATS.framework/Versions/A/ATS
0x00007fff3c4da000 	/System/Library/Frameworks/ApplicationServices.framework/Versions/A/Frameworks/ColorSyncLegacy.framework/Versions/A/ColorSyncLegacy
0x00007fff3c579000 	/System/Library/Frameworks/ApplicationServices.framework/Versions/A/Frameworks/HIServices.framework/Versions/A/HIServices
0x00007fff3c5cc000 	/System/Library/Frameworks/ApplicationServices.framework/Versions/A/Frameworks/LangAnalysis.framework/Versions/A/LangAnalysis
0x00007fff3c5dc000 	/System/Library/Frameworks/ApplicationServices.framework/Versions/A/Frameworks/PrintCore.framework/Versions/A/PrintCore
0x00007fff3c626000 	/System/Library/Frameworks/ApplicationServices.framework/Versions/A/Frameworks/QD.framework/Versions/A/QD
0x00007fff3c660000 	/System/Library/Frameworks/ApplicationServices.framework/Versions/A/Frameworks/SpeechSynthesis.framework/Versions/A/SpeechSynthesis
0x00007fff62f38000 	/System/Library/PrivateFrameworks/SkyLight.framework/Versions/A/SkyLight
0x00007fff40764000 	/System/Library/Frameworks/IOSurface.framework/Versions/A/IOSurface
0x00007fff39f6d000 	/System/Library/Frameworks/Accelerate.framework/Versions/A/Accelerate
0x00007fff67053000 	/usr/lib/libcompression.dylib
0x00007fff3dc89000 	/System/Library/Frameworks/CoreDisplay.framework/Versions/A/CoreDisplay
0x00007fff42941000 	/System/Library/Frameworks/Metal.framework/Versions/A/Metal
0x00007fff42c11000 	/System/Library/Frameworks/MetalPerformanceShaders.framework/Versions/A/MetalPerformanceShaders
0x00007fff5c91f000 	/System/Library/PrivateFrameworks/MultitouchSupport.framework/Versions/A/MultitouchSupport
0x00007fff48840000 	/System/Library/Frameworks/QuartzCore.framework/Versions/A/QuartzCore
0x00007fff39f85000 	/System/Library/Frameworks/Accelerate.framework/Versions/A/Frameworks/vImage.framework/Versions/A/vImage
0x00007fff3b1e1000 	/System/Library/Frameworks/Accelerate.framework/Versions/A/Frameworks/vecLib.framework/Versions/A/vecLib
0x00007fff3b06c000 	/System/Library/Frameworks/Accelerate.framework/Versions/A/Frameworks/vecLib.framework/Versions/A/libvMisc.dylib
0x00007fff3aecb000 	/System/Library/Frameworks/Accelerate.framework/Versions/A/Frameworks/vecLib.framework/Versions/A/libvDSP.dylib
0x00007fff3a87a000 	/System/Library/Frameworks/Accelerate.framework/Versions/A/Frameworks/vecLib.framework/Versions/A/libBLAS.dylib
0x00007fff3aa66000 	/System/Library/Frameworks/Accelerate.framework/Versions/A/Frameworks/vecLib.framework/Versions/A/libLAPACK.dylib
0x00007fff3ae1f000 	/System/Library/Frameworks/Accelerate.framework/Versions/A/Frameworks/vecLib.framework/Versions/A/libLinearAlgebra.dylib
0x00007fff3aeb8000 	/System/Library/Frameworks/Accelerate.framework/Versions/A/Frameworks/vecLib.framework/Versions/A/libSparseBLAS.dylib
0x00007fff3ae35000 	/System/Library/Frameworks/Accelerate.framework/Versions/A/Frameworks/vecLib.framework/Versions/A/libQuadrature.dylib
0x00007fff3aa21000 	/System/Library/Frameworks/Accelerate.framework/Versions/A/Frameworks/vecLib.framework/Versions/A/libBNNS.dylib
0x00007fff3ae3b000 	/System/Library/Frameworks/Accelerate.framework/Versions/A/Frameworks/vecLib.framework/Versions/A/libSparse.dylib
0x00007fff58e49000 	/System/Library/PrivateFrameworks/GPUWrangler.framework/Versions/A/GPUWrangler
0x00007fff5b149000 	/System/Library/PrivateFrameworks/IOAccelerator.framework/Versions/A/IOAccelerator
0x00007fff5b154000 	/System/Library/PrivateFrameworks/IOPresentment.framework/Versions/A/IOPresentment
0x00007fff528d3000 	/System/Library/PrivateFrameworks/DSExternalDisplay.framework/Versions/A/DSExternalDisplay
0x00007fff46e85000 	/System/Library/Frameworks/OpenGL.framework/Versions/A/Libraries/libCoreFSCache.dylib
0x00007fff42a05000 	/System/Library/Frameworks/MetalPerformanceShaders.framework/Frameworks/MPSCore.framework/Versions/A/MPSCore
0x00007fff42a25000 	/System/Library/Frameworks/MetalPerformanceShaders.framework/Frameworks/MPSImage.framework/Versions/A/MPSImage
0x00007fff42aca000 	/System/Library/Frameworks/MetalPerformanceShaders.framework/Frameworks/MPSNeuralNetwork.framework/Versions/A/MPSNeuralNetwork
0x00007fff42aa2000 	/System/Library/Frameworks/MetalPerformanceShaders.framework/Frameworks/MPSMatrix.framework/Versions/A/MPSMatrix
0x00007fff42bf6000 	/System/Library/Frameworks/MetalPerformanceShaders.framework/Frameworks/MPSRayIntersector.framework/Versions/A/MPSRayIntersector
0x00007fff5c643000 	/System/Library/PrivateFrameworks/MetalTools.framework/Versions/A/MetalTools
0x00007fff4d78b000 	/System/Library/PrivateFrameworks/AggregateDictionary.framework/Versions/A/AggregateDictionary
0x00007fff66bb4000 	/usr/lib/libMobileGestalt.dylib
0x00007fff3e870000 	/System/Library/Frameworks/CoreImage.framework/Versions/A/CoreImage
0x00007fff3fb29000 	/System/Library/Frameworks/CoreVideo.framework/Versions/A/CoreVideo
0x00007fff47a2e000 	/System/Library/Frameworks/OpenGL.framework/Versions/A/OpenGL
0x00007fff59c5a000 	/System/Library/PrivateFrameworks/GraphVisualizer.framework/Versions/A/GraphVisualizer
0x00007fff53ad9000 	/System/Library/PrivateFrameworks/FaceCore.framework/Versions/A/FaceCore
0x00007fff464b3000 	/System/Library/Frameworks/OpenCL.framework/Versions/A/OpenCL
0x00007fff6690c000 	/usr/lib/libFosl_dynamic.dylib
0x00007fff5d3f0000 	/System/Library/PrivateFrameworks/OTSVG.framework/Versions/A/OTSVG
0x00007fff3c28f000 	/System/Library/Frameworks/ApplicationServices.framework/Versions/A/Frameworks/ATS.framework/Versions/A/Resources/libFontParser.dylib
0x00007fff3c3a7000 	/System/Library/Frameworks/ApplicationServices.framework/Versions/A/Frameworks/ATS.framework/Versions/A/Resources/libFontRegistry.dylib
0x00007fff40a39000 	/System/Library/Frameworks/ImageIO.framework/Versions/A/Resources/libJPEG.dylib
0x00007fff40d4c000 	/System/Library/Frameworks/ImageIO.framework/Versions/A/Resources/libTIFF.dylib
0x00007fff40d22000 	/System/Library/Frameworks/ImageIO.framework/Versions/A/Resources/libPng.dylib
0x00007fff40956000 	/System/Library/Frameworks/ImageIO.framework/Versions/A/Resources/libGIF.dylib
0x00007fff4095b000 	/System/Library/Frameworks/ImageIO.framework/Versions/A/Resources/libJP2.dylib
0x00007fff40d49000 	/System/Library/Frameworks/ImageIO.framework/Versions/A/Resources/libRadiance.dylib
0x00007fff4e038000 	/System/Library/PrivateFrameworks/AppleJPEG.framework/Versions/A/AppleJPEG
0x00007fff46e90000 	/System/Library/Frameworks/OpenGL.framework/Versions/A/Libraries/libGFXShared.dylib
0x00007fff47053000 	/System/Library/Frameworks/OpenGL.framework/Versions/A/Libraries/libGLU.dylib
0x00007fff46e99000 	/System/Library/Frameworks/OpenGL.framework/Versions/A/Libraries/libGL.dylib
0x00007fff46ea5000 	/System/Library/Frameworks/OpenGL.framework/Versions/A/Libraries/libGLImage.dylib
0x00007fff46e82000 	/System/Library/Frameworks/OpenGL.framework/Versions/A/Libraries/libCVMSPluginSupport.dylib
0x00007fff46e8b000 	/System/Library/Frameworks/OpenGL.framework/Versions/A/Libraries/libCoreVMClient.dylib
0x00007fff677a4000 	/usr/lib/libcups.2.dylib
0x00007fff41f0c000 	/System/Library/Frameworks/Kerberos.framework/Versions/A/Kerberos
0x00007fff40437000 	/System/Library/Frameworks/GSS.framework/Versions/A/GSS
0x00007fff68eba000 	/usr/lib/libresolv.9.dylib
0x00007fff67996000 	/usr/lib/libiconv.2.dylib
0x00007fff59dcf000 	/System/Library/PrivateFrameworks/Heimdal.framework/Versions/A/Heimdal
0x00007fff67966000 	/usr/lib/libheimdal-asn1.dylib
0x00007fff46527000 	/System/Library/Frameworks/OpenDirectory.framework/Versions/A/OpenDirectory
0x00007fff5085e000 	/System/Library/PrivateFrameworks/CommonAuth.framework/Versions/A/CommonAuth
0x00007fff4650b000 	/System/Library/Frameworks/OpenDirectory.framework/Versions/A/Frameworks/CFOpenDirectory.framework/Versions/A/CFOpenDirectory
0x00007fff495cd000 	/System/Library/Frameworks/SecurityFoundation.framework/Versions/A/SecurityFoundation
0x00007fff4ccd1000 	/System/Library/PrivateFrameworks/APFS.framework/Versions/A/APFS
0x00007fff6930f000 	/usr/lib/libutil.dylib
0x00007fff67041000 	/usr/lib/libcharset.1.dylib
0x00007fff3d7e0000 	/System/Library/Frameworks/CoreAudio.framework/Versions/A/CoreAudio
0x00007fff3c66d000 	/System/Library/Frameworks/AudioToolbox.framework/Versions/A/AudioToolbox
0x00007fff4e2d5000 	/System/Library/PrivateFrameworks/AppleSauce.framework/Versions/A/AppleSauce
0x00007fff4e456000 	/System/Library/PrivateFrameworks/AssertionServices.framework/Versions/A/AssertionServices
0x00007fff4eb86000 	/System/Library/PrivateFrameworks/BaseBoard.framework/Versions/A/BaseBoard
0x00007fff67d67000 	/usr/lib/libmecab.1.0.0.dylib
0x00007fff67960000 	/usr/lib/libgermantok.dylib
0x00007fff66d91000 	/usr/lib/libThaiTokenizer.dylib
0x00007fff6683c000 	/usr/lib/libChineseTokenizer.dylib
0x00007fff5b801000 	/System/Library/PrivateFrameworks/LanguageModeling.framework/Versions/A/LanguageModeling
0x00007fff51540000 	/System/Library/PrivateFrameworks/CoreEmoji.framework/Versions/A/CoreEmoji
0x00007fff5b8dd000 	/System/Library/PrivateFrameworks/Lexicon.framework/Versions/A/Lexicon
0x00007fff5b920000 	/System/Library/PrivateFrameworks/LinguisticData.framework/Versions/A/LinguisticData
0x00007fff67042000 	/usr/lib/libcmph.dylib
0x00007fff3d8f5000 	/System/Library/Frameworks/CoreData.framework/Versions/A/CoreData
0x00007fff4968b000 	/System/Library/Frameworks/ServiceManagement.framework/Versions/A/ServiceManagement
0x00007fff4eae7000 	/System/Library/PrivateFrameworks/BackgroundTaskManagement.framework/Versions/A/BackgroundTaskManagement
0x00007fff69408000 	/usr/lib/libxslt.1.dylib
0x0000000119a4f000 	/Library/Frameworks/Python.framework/Versions/3.9/lib/python3.9/lib-dynload/_elementtree.cpython-39-darwin.so
0x0000000119a67000 	/Library/Frameworks/Python.framework/Versions/3.9/lib/python3.9/lib-dynload/pyexpat.cpython-39-darwin.so
0x0000000119aa9000 	/Users/eunsilpark/Python/ReactWordCloudWebApp-Python/lib/python3.9/site-packages/PIL/_imaging.cpython-39-darwin.so
0x0000000119b35000 	/Users/eunsilpark/Python/ReactWordCloudWebApp-Python/lib/python3.9/site-packages/PIL/.dylibs/libjpeg.9.dylib
0x0000000119b81000 	/Users/eunsilpark/Python/ReactWordCloudWebApp-Python/lib/python3.9/site-packages/PIL/.dylibs/libopenjp2.2.4.0.dylib
0x0000000119c15000 	/Users/eunsilpark/Python/ReactWordCloudWebApp-Python/lib/python3.9/site-packages/PIL/.dylibs/libz.1.2.11.dylib
0x0000000119c39000 	/Users/eunsilpark/Python/ReactWordCloudWebApp-Python/lib/python3.9/site-packages/PIL/.dylibs/libtiff.5.dylib
0x0000000119ce5000 	/Users/eunsilpark/Python/ReactWordCloudWebApp-Python/lib/python3.9/site-packages/PIL/.dylibs/libxcb.1.1.0.dylib
0x0000000119d21000 	/Users/eunsilpark/Python/ReactWordCloudWebApp-Python/lib/python3.9/site-packages/PIL/.dylibs/liblzma.5.dylib
0x0000000119d61000 	/Users/eunsilpark/Python/ReactWordCloudWebApp-Python/lib/python3.9/site-packages/PIL/.dylibs/libXau.6.dylib
0x0000000119dad000 	/Users/eunsilpark/Python/ReactWordCloudWebApp-Python/lib/python3.9/site-packages/PIL/_imagingft.cpython-39-darwin.so
0x0000000119dbd000 	/Users/eunsilpark/Python/ReactWordCloudWebApp-Python/lib/python3.9/site-packages/PIL/.dylibs/libfreetype.6.dylib
0x0000000119ebd000 	/Users/eunsilpark/Python/ReactWordCloudWebApp-Python/lib/python3.9/site-packages/PIL/.dylibs/libpng16.16.dylib
0x0000000119f09000 	/Users/eunsilpark/Python/ReactWordCloudWebApp-Python/lib/python3.9/site-packages/wordcloud/query_integral_image.cpython-39-darwin.so
0x0000000119fb2000 	/Users/eunsilpark/Python/ReactWordCloudWebApp-Python/lib/python3.9/site-packages/_jpype.cpython-39-darwin.so
0x000000011a085000 	/Library/Frameworks/Python.framework/Versions/3.9/lib/python3.9/lib-dynload/_decimal.cpython-39-darwin.so
0x000000011a1ae000 	/Library/Frameworks/Python.framework/Versions/3.9/lib/python3.9/lib-dynload/_queue.cpython-39-darwin.so
0x000000011a4e5000 	/Library/Frameworks/Python.framework/Versions/3.9/lib/python3.9/lib-dynload/unicodedata.cpython-39-darwin.so
0x000000011a72f000 	/Library/Frameworks/Python.framework/Versions/3.9/lib/python3.9/lib-dynload/fcntl.cpython-39-darwin.so
0x000000011a7fd000 	/Users/eunsilpark/Python/ReactWordCloudWebApp-Python/lib/python3.9/site-packages/lxml/etree.cpython-39-darwin.so
0x000000011ae35000 	/Users/eunsilpark/Python/ReactWordCloudWebApp-Python/lib/python3.9/site-packages/lxml/_elementpath.cpython-39-darwin.so
0x000000011aefd000 	/Users/eunsilpark/Python/ReactWordCloudWebApp-Python/lib/python3.9/site-packages/matplotlib/_path.cpython-39-darwin.so
0x000000011b427000 	/Users/eunsilpark/Python/ReactWordCloudWebApp-Python/lib/python3.9/site-packages/matplotlib/_image.cpython-39-darwin.so
0x000000011b757000 	/Users/eunsilpark/Python/ReactWordCloudWebApp-Python/lib/python3.9/site-packages/matplotlib/backends/_macosx.cpython-39-darwin.so
0x00007fff3d4f7000 	/System/Library/Frameworks/Cocoa.framework/Versions/A/Cocoa
0x00007fff3b383000 	/System/Library/Frameworks/AppKit.framework/Versions/C/AppKit
0x00007fff607da000 	/System/Library/PrivateFrameworks/RemoteViewServices.framework/Versions/A/RemoteViewServices
0x00007fff64a51000 	/System/Library/PrivateFrameworks/UIFoundation.framework/Versions/A/UIFoundation
0x00007fff66135000 	/System/Library/PrivateFrameworks/XCTTargetBootstrap.framework/Versions/A/XCTTargetBootstrap
0x00007fff5b514000 	/System/Library/PrivateFrameworks/IconServices.framework/Versions/A/IconServices
0x00007fff52a57000 	/System/Library/PrivateFrameworks/DesktopServicesPriv.framework/Versions/A/DesktopServicesPriv
0x00007fff528c3000 	/System/Library/PrivateFrameworks/DFRFoundation.framework/Versions/A/DFRFoundation
0x00007fff3c8e6000 	/System/Library/Frameworks/AudioUnit.framework/Versions/A/AudioUnit
0x00007fff52958000 	/System/Library/PrivateFrameworks/DataDetectorsCore.framework/Versions/A/DataDetectorsCore
0x00007fff3cffa000 	/System/Library/Frameworks/Carbon.framework/Versions/A/Frameworks/HIToolbox.framework/Versions/A/HIToolbox
0x00007fff3d3cf000 	/System/Library/Frameworks/Carbon.framework/Versions/A/Frameworks/SpeechRecognition.framework/Versions/A/SpeechRecognition
0x00007fff5249e000 	/System/Library/PrivateFrameworks/CoreUI.framework/Versions/A/CoreUI
0x00007fff5e5d9000 	/System/Library/PrivateFrameworks/PerformanceAnalysis.framework/Versions/A/PerformanceAnalysis
0x00007fff4eaf0000 	/System/Library/PrivateFrameworks/Backup.framework/Versions/A/Backup
0x00007fff3d2fc000 	/System/Library/Frameworks/Carbon.framework/Versions/A/Frameworks/Ink.framework/Versions/A/Ink
0x00007fff648cc000 	/System/Library/PrivateFrameworks/TextureIO.framework/Versions/A/TextureIO
0x00007fff66de5000 	/usr/lib/libate.dylib
0x00007fff52822000 	/System/Library/PrivateFrameworks/CrashReporterSupport.framework/Versions/A/CrashReporterSupport
0x00007fff62006000 	/System/Library/PrivateFrameworks/Sharing.framework/Versions/A/Sharing
0x00007fff4e839000 	/System/Library/PrivateFrameworks/AuthKit.framework/Versions/A/AuthKit
0x00007fff4dd8d000 	/System/Library/PrivateFrameworks/Apple80211.framework/Versions/A/Apple80211
0x00007fff525ca000 	/System/Library/PrivateFrameworks/CoreUtils.framework/Versions/A/CoreUtils
0x00007fff3fb6a000 	/System/Library/Frameworks/CoreWLAN.framework/Versions/A/CoreWLAN
0x00007fff40566000 	/System/Library/Frameworks/IOBluetooth.framework/Versions/A/IOBluetooth
0x00007fff6047a000 	/System/Library/PrivateFrameworks/ProtocolBuffer.framework/Versions/A/ProtocolBuffer
0x00007fff5c87b000 	/System/Library/PrivateFrameworks/MobileKeyBag.framework/Versions/A/MobileKeyBag
0x00007fff51e0e000 	/System/Library/PrivateFrameworks/CorePhoneNumbers.framework/Versions/A/CorePhoneNumbers
0x00007fff4dfec000 	/System/Library/PrivateFrameworks/AppleIDAuthSupport.framework/Versions/A/AppleIDAuthSupport
0x00007fff5b7d4000 	/System/Library/PrivateFrameworks/KeychainCircle.framework/Versions/A/KeychainCircle
0x00007fff60630000 	/System/Library/PrivateFrameworks/ROCKit.framework/Versions/A/ROCKit
0x00007fff527be000 	/System/Library/PrivateFrameworks/CoreWiFi.framework/Versions/A/CoreWiFi
0x00007fff3d8ca000 	/System/Library/Frameworks/CoreBluetooth.framework/Versions/A/CoreBluetooth
0x00007fff52a19000 	/System/Library/PrivateFrameworks/DebugSymbols.framework/Versions/A/DebugSymbols
0x00007fff5238a000 	/System/Library/PrivateFrameworks/CoreSymbolication.framework/Versions/A/CoreSymbolication
0x00007fff640e7000 	/System/Library/PrivateFrameworks/Symbolication.framework/Versions/A/Symbolication
0x00007fff6398a000 	/System/Library/PrivateFrameworks/SpeechRecognitionCore.framework/Versions/A/SpeechRecognitionCore
0x000000011b773000 	/Users/eunsilpark/Python/ReactWordCloudWebApp-Python/lib/python3.9/site-packages/matplotlib/backends/_backend_agg.cpython-39-darwin.so
0x000000011b7f7000 	/Users/eunsilpark/Python/ReactWordCloudWebApp-Python/lib/python3.9/site-packages/markupsafe/_speedups.cpython-39-darwin.so
0x000000011bbc9000 	/Library/Java/JavaVirtualMachines/jdk-15.0.2.jdk/Contents/Home/lib/libjli.dylib
0x000000011bbde000 	/Library/Java/JavaVirtualMachines/jdk-15.0.2.jdk/Contents/Home//lib/server/libjvm.dylib
0x000000011cb9a000 	/Library/Java/JavaVirtualMachines/jdk-15.0.2.jdk/Contents/Home/lib/libjimage.dylib
0x000000011cbae000 	/Library/Java/JavaVirtualMachines/jdk-15.0.2.jdk/Contents/Home/lib/libjava.dylib
0x00000001395ac000 	/Library/Java/JavaVirtualMachines/jdk-15.0.2.jdk/Contents/Home/lib/libnio.dylib
0x00000001395c0000 	/Library/Java/JavaVirtualMachines/jdk-15.0.2.jdk/Contents/Home/lib/./libnet.dylib
0x00000001395d9000 	/Library/Java/JavaVirtualMachines/jdk-15.0.2.jdk/Contents/Home/lib/libzip.dylib
0x00000001395e7000 	/Library/Java/JavaVirtualMachines/jdk-15.0.2.jdk/Contents/Home/lib/libverify.dylib
0x00007fff51f92000 	/System/Library/PrivateFrameworks/CoreServicesInternal.framework/Versions/A/CoreServicesInternal
0x00007fff3c443000 	/System/Library/Frameworks/ApplicationServices.framework/Versions/A/Frameworks/ATS.framework/Versions/A/Resources/libTrueTypeScaler.dylib
0x00007fff322eb000 	/System/Library/CoreServices/RawCamera.bundle/Contents/MacOS/RawCamera
0x00007fff5c6e7000 	/System/Library/PrivateFrameworks/MobileAsset.framework/Versions/A/MobileAsset
0x00007fff64035000 	/System/Library/PrivateFrameworks/StreamingZip.framework/Versions/A/StreamingZip
0x00007fff42299000 	/System/Library/Frameworks/MediaToolbox.framework/Versions/A/MediaToolbox
0x00007fff510e4000 	/System/Library/PrivateFrameworks/CoreAVCHD.framework/Versions/A/CoreAVCHD
0x00007fff421df000 	/System/Library/Frameworks/MediaAccessibility.framework/Versions/A/MediaAccessibility
0x00007fff5c143000 	/System/Library/PrivateFrameworks/Mangrove.framework/Versions/A/Mangrove
0x00007fff3ee8d000 	/System/Library/Frameworks/CoreMedia.framework/Versions/A/CoreMedia
0x00007fff49cf4000 	/System/Library/Frameworks/VideoToolbox.framework/Versions/A/VideoToolbox
0x00007fff50d00000 	/System/Library/PrivateFrameworks/CoreAUC.framework/Versions/A/CoreAUC
0x00007fff68f23000 	/usr/lib/libspindump.dylib
0x00007fff4e3bb000 	/System/Library/PrivateFrameworks/AppleVA.framework/Versions/A/AppleVA
0x00007fff65884000 	/System/Library/PrivateFrameworks/ViewBridge.framework/Versions/A/ViewBridge


VM Arguments:
jvm_args: -Dfile.encoding=UTF8 -ea -Xmx1024m 
java_command: <unknown>
java_class_path (initial): /Users/eunsilpark/Python/ReactWordCloudWebApp-Python/lib/python3.9/site-packages/konlpy/java:/Users/eunsilpark/Python/ReactWordCloudWebApp-Python/lib/python3.9/site-packages/konlpy/java/bin:/Users/eunsilpark/Python/ReactWordCloudWebApp-Python/lib/python3.9/site-packages/konlpy/java/*:/Users/eunsilpark/Python/ReactWordCloudWebApp-Python/lib/python3.9/site-packages/konlpy/java/jhannanum-0.8.4.jar:/Users/eunsilpark/Python/ReactWordCloudWebApp-Python/lib/python3.9/site-packages/konlpy/java/kkma-2.0.jar:/Users/eunsilpark/Python/ReactWordCloudWebApp-Python/lib/python3.9/site-packages/konlpy/java/aho-corasick.jar:/Users/eunsilpark/Python/ReactWordCloudWebApp-Python/lib/python3.9/site-packages/konlpy/java/shineware-common-1.0.jar:/Users/eunsilpark/Python/ReactWordCloudWebApp-Python/lib/python3.9/site-packages/konlpy/java/shineware-ds-1.0.jar:/Users/eunsilpark/Python/ReactWordCloudWebApp-Python/lib/python3.9/site-packages/konlpy/java/komoran-3.0.jar:/Users/eunsilpark/Python/ReactWordCloudWebApp-Python/lib/python3.9/site-packages/konlpy/java/snakeyaml-1.12.jar:/Users/eunsilpark/Python/ReactWordCloudWebApp-Python/lib/python3.9/site-packages/konlpy/java/scala-library-2.12.3.jar:/Users/eunsilpark/Python/ReactWordCloudWebApp-Python/lib/python3.9/site-packages/konlpy/java/open-korean-text-2.1.0.jar:/Users/eunsilpark/Python/ReactWordCloudWebApp-Python/lib/python3.9/site-packages/konlpy/java/twitter-text-1.14.7.jar:/Users/eunsilpark/Python/ReactWordCloudWebApp-Python/lib/python3.9/site-packages/konlpy/java/*
Launcher Type: generic

[Global flags]
     intx CICompilerCount                          = 3                                         {product} {ergonomic}
     uint ConcGCThreads                            = 1                                         {product} {ergonomic}
     uint G1ConcRefinementThreads                  = 4                                         {product} {ergonomic}
   size_t G1HeapRegionSize                         = 1048576                                   {product} {ergonomic}
    uintx GCDrainStackTargetSize                   = 64                                        {product} {ergonomic}
   size_t InitialHeapSize                          = 67108864                                  {product} {ergonomic}
   size_t MarkStackSize                            = 4194304                                   {product} {ergonomic}
   size_t MaxHeapSize                              = 1073741824                                {product} {command line}
   size_t MaxNewSize                               = 643825664                                 {product} {ergonomic}
   size_t MinHeapDeltaBytes                        = 1048576                                   {product} {ergonomic}
   size_t MinHeapSize                              = 8388608                                   {product} {ergonomic}
    uintx NonNMethodCodeHeapSize                   = 5832780                                {pd product} {ergonomic}
    uintx NonProfiledCodeHeapSize                  = 122912730                              {pd product} {ergonomic}
    uintx ProfiledCodeHeapSize                     = 122912730                              {pd product} {ergonomic}
    uintx ReservedCodeCacheSize                    = 251658240                              {pd product} {ergonomic}
     bool SegmentedCodeCache                       = true                                      {product} {ergonomic}
   size_t SoftMaxHeapSize                          = 1073741824                             {manageable} {ergonomic}
     bool UseCompressedClassPointers               = true                                 {lp64_product} {ergonomic}
     bool UseCompressedOops                        = true                                 {lp64_product} {ergonomic}
     bool UseG1GC                                  = true                                      {product} {ergonomic}
     bool UseNUMA                                  = false                                     {product} {ergonomic}
     bool UseNUMAInterleaving                      = false                                     {product} {ergonomic}

Logging:
Log output configuration:
 #0: stdout all=warning uptime,level,tags
 #1: stderr all=off uptime,level,tags

Environment Variables:
PATH=/Users/eunsilpark/Python/ReactWordCloudWebApp-Python/bin:/Library/Frameworks/Python.framework/Versions/3.9/bin:/usr/local/bin:/usr/bin:/bin:/usr/sbin:/sbin
SHELL=/bin/bash
LC_CTYPE=ko_KR.UTF-8

Signal Handlers:
SIGSEGV: [libjvm.dylib+0x9ff2f0], sa_mask[0]=11111111011111110111111111111111, sa_flags=SA_ONSTACK|SA_RESTART|SA_SIGINFO
SIGBUS: [libjvm.dylib+0x9ff2f0], sa_mask[0]=11111111011111110111111111111111, sa_flags=SA_RESTART|SA_SIGINFO
SIGFPE: [libjvm.dylib+0x9ff2f0], sa_mask[0]=11111111011111110111111111111111, sa_flags=SA_RESTART|SA_SIGINFO
SIGPIPE: [libjvm.dylib+0x82ae30], sa_mask[0]=11111111011111110111111111111111, sa_flags=SA_RESTART|SA_SIGINFO
SIGXFSZ: [libjvm.dylib+0x82ae30], sa_mask[0]=11111111011111110111111111111111, sa_flags=SA_RESTART|SA_SIGINFO
SIGILL: [libjvm.dylib+0x9ff2f0], sa_mask[0]=11111111011111110111111111111111, sa_flags=SA_RESTART|SA_SIGINFO
SIGUSR2: [libjvm.dylib+0x82b940], sa_mask[0]=00100000000000000000000000000000, sa_flags=SA_RESTART|SA_SIGINFO
SIGHUP: [libjvm.dylib+0x82a040], sa_mask[0]=11111111011111110111111111111111, sa_flags=SA_RESTART|SA_SIGINFO
SIGINT: [libjvm.dylib+0x82a040], sa_mask[0]=11111111011111110111111111111111, sa_flags=SA_RESTART|SA_SIGINFO
SIGTERM: [libjvm.dylib+0x82a040], sa_mask[0]=11111111011111110111111111111111, sa_flags=SA_RESTART|SA_SIGINFO
SIGQUIT: [libjvm.dylib+0x82a040], sa_mask[0]=11111111011111110111111111111111, sa_flags=SA_RESTART|SA_SIGINFO


---------------  S Y S T E M  ---------------

OS:uname: Darwin 18.7.0 Darwin Kernel Version 18.7.0: Tue Aug 20 16:57:14 PDT 2019; root:xnu-4903.271.2~2/RELEASE_X86_64 x86_64
OS uptime: 0 days 2:50 hours
rlimit (soft/hard): STACK 8192k/65532k , CORE 0k/infinity , NPROC 709/1064 , NOFILE 10240/infinity , AS infinity/infinity , CPU infinity/infinity , DATA infinity/infinity , FSIZE infinity/infinity , MEMLOCK infinity/infinity , RSS infinity/infinity
load average: 2.53 2.22 2.40

CPU: total 4 (initial active 4) (2 cores per cpu, 2 threads per core) family 6 model 58 stepping 9 microcode 0x21, cmov, cx8, fxsr, mmx, sse, sse2, sse3, ssse3, sse4.1, sse4.2, popcnt, vzeroupper, avx, aes, clmul, erms, ht, tsc, tscinvbit, tscinv, clflush

Memory: 4k page, physical 4194304k(22348k free), swap 1048576k(855552k free)

vm_info: Java HotSpot(TM) 64-Bit Server VM (15.0.2+7-27) for bsd-amd64 JRE (15.0.2+7-27), built on Dec  7 2020 20:08:32 by "mach5one" with clang 4.2.1 Compatible Apple LLVM 10.0.0 (clang-1000.11.45.5)

END.
